<?xml version="1.0" encoding="UTF-8"?>
<testsuite name="bytebandits.routing.RoutingTest" tests="7" skipped="0" failures="0" errors="0" timestamp="2023-10-20T02:30:44" hostname="tomorrow.lan" time="2.249">
  <properties/>
  <testcase name="gen password" classname="bytebandits.routing.RoutingTest" time="1.013"/>
  <testcase name="invalid endpoint should fail" classname="bytebandits.routing.RoutingTest" time="0.361"/>
  <testcase name="gen passkey" classname="bytebandits.routing.RoutingTest" time="0.192"/>
  <testcase name="non auth get should fail" classname="bytebandits.routing.RoutingTest" time="0.184"/>
  <testcase name="gen passkey 15" classname="bytebandits.routing.RoutingTest" time="0.172"/>
  <testcase name="file not found should fail with badgateway" classname="bytebandits.routing.RoutingTest" time="0.165"/>
  <testcase name="gen password 19 chars" classname="bytebandits.routing.RoutingTest" time="0.162"/>
  <system-out><![CDATA[22:30:44,933 |-INFO in ch.qos.logback.classic.LoggerContext[default] - This is logback-classic version 1.4.11
22:30:44,934 |-INFO in ch.qos.logback.classic.util.ContextInitializer@b01cb482 - No custom configurators were discovered as a service.
22:30:44,934 |-INFO in ch.qos.logback.classic.util.ContextInitializer@b01cb482 - Trying to configure with ch.qos.logback.classic.joran.SerializedModelConfigurator
22:30:44,934 |-INFO in ch.qos.logback.classic.util.ContextInitializer@b01cb482 - Constructed configurator of type class ch.qos.logback.classic.joran.SerializedModelConfigurator
22:30:44,938 |-INFO in ch.qos.logback.classic.LoggerContext[default] - Could NOT find resource [logback-test.scmo]
22:30:44,938 |-INFO in ch.qos.logback.classic.LoggerContext[default] - Could NOT find resource [logback.scmo]
22:30:44,939 |-INFO in ch.qos.logback.classic.util.ContextInitializer@b01cb482 - ch.qos.logback.classic.joran.SerializedModelConfigurator.configure() call lasted 4 milliseconds. ExecutionStatus=INVOKE_NEXT_IF_ANY
22:30:44,939 |-INFO in ch.qos.logback.classic.util.ContextInitializer@b01cb482 - Trying to configure with ch.qos.logback.classic.util.DefaultJoranConfigurator
22:30:44,939 |-INFO in ch.qos.logback.classic.util.ContextInitializer@b01cb482 - Constructed configurator of type class ch.qos.logback.classic.util.DefaultJoranConfigurator
22:30:44,939 |-INFO in ch.qos.logback.classic.LoggerContext[default] - Could NOT find resource [logback-test.xml]
22:30:44,940 |-INFO in ch.qos.logback.classic.LoggerContext[default] - Found resource [logback.xml] at [file:/Users/karthikguda/Desktop/School/COMS_4156/Byte-Bandits-ASWE/byte-bandits/build/resources/main/logback.xml]
22:30:44,940 |-WARN in ch.qos.logback.classic.util.DefaultJoranConfigurator@2a1b26dc - Resource [logback.xml] occurs multiple times on the classpath.
22:30:44,940 |-WARN in ch.qos.logback.classic.util.DefaultJoranConfigurator@2a1b26dc - Resource [logback.xml] occurs at [file:/Users/karthikguda/Desktop/School/COMS_4156/Byte-Bandits-ASWE/byte-bandits/build/resources/main/logback.xml]
22:30:44,940 |-WARN in ch.qos.logback.classic.util.DefaultJoranConfigurator@2a1b26dc - Resource [logback.xml] occurs at [jar:file:/Users/karthikguda/.gradle/caches/modules-2/files-2.1/io.swagger.codegen.v3/swagger-codegen-generators/1.0.38/24ad4592fa92f0e693d616de13629f59e5c3cd97/swagger-codegen-generators-1.0.38.jar!/logback.xml]
22:30:44,981 |-INFO in ch.qos.logback.core.model.processor.AppenderModelHandler - Processing appender named [STDOUT]
22:30:44,981 |-INFO in ch.qos.logback.core.model.processor.AppenderModelHandler - About to instantiate appender of type [ch.qos.logback.core.ConsoleAppender]
22:30:44,985 |-INFO in ch.qos.logback.core.model.processor.ImplicitModelHandler - Assuming default type [ch.qos.logback.classic.encoder.PatternLayoutEncoder] for [encoder] property
22:30:45,001 |-INFO in ch.qos.logback.classic.model.processor.RootLoggerModelHandler - Setting level of ROOT logger to TRACE
22:30:45,001 |-INFO in ch.qos.logback.core.model.processor.AppenderRefModelHandler - Attaching appender named [STDOUT] to Logger[ROOT]
22:30:45,002 |-INFO in ch.qos.logback.classic.model.processor.LoggerModelHandler - Setting level of logger [org.eclipse.jetty] to INFO
22:30:45,002 |-INFO in ch.qos.logback.classic.model.processor.LoggerModelHandler - Setting level of logger [io.netty] to INFO
22:30:45,002 |-INFO in ch.qos.logback.core.model.processor.DefaultProcessor@cd1e5fbc - End of configuration.
22:30:45,002 |-INFO in ch.qos.logback.classic.joran.JoranConfigurator@cab4ed7f - Registering current configuration as safe fallback point
22:30:45,002 |-INFO in ch.qos.logback.classic.util.ContextInitializer@b01cb482 - ch.qos.logback.classic.util.DefaultJoranConfigurator.configure() call lasted 63 milliseconds. ExecutionStatus=DO_NOT_INVOKE_NEXT_IF_ANY

2023-10-19 22:30:45.060 [Test worker] INFO  ktor.test - No ktor.deployment.watch patterns specified, automatic reload is not active.
2023-10-19 22:30:45.065 [Test worker] INFO  ktor.test - Application started in 0.043 seconds.
2023-10-19 22:30:45.285 [Test worker] TRACE i.s.c.v.g.DefaultCodegenConfig - camelize start - security_tools_api
2023-10-19 22:30:45.285 [Test worker] TRACE i.s.c.v.g.DefaultCodegenConfig - camelize end - security_tools_api (new: SecurityToolsApi)
2023-10-19 22:30:45.343 [Test worker] TRACE i.s.c.v.g.DefaultCodegenConfig - camelize start - principal
2023-10-19 22:30:45.343 [Test worker] TRACE i.s.c.v.g.DefaultCodegenConfig - camelize end - principal (new: Principal)
2023-10-19 22:30:45.343 [Test worker] TRACE i.s.c.v.g.DefaultCodegenConfig - camelize start - principal
2023-10-19 22:30:45.343 [Test worker] TRACE i.s.c.v.g.DefaultCodegenConfig - camelize end - principal (new: Principal)
2023-10-19 22:30:45.343 [Test worker] TRACE i.s.c.v.g.DefaultCodegenConfig - camelize start - principal
2023-10-19 22:30:45.344 [Test worker] TRACE i.s.c.v.g.DefaultCodegenConfig - camelize end - principal (new: Principal)
2023-10-19 22:30:45.344 [Test worker] TRACE i.s.c.v.g.DefaultCodegenConfig - camelize start - clientId
2023-10-19 22:30:45.344 [Test worker] TRACE i.s.c.v.g.DefaultCodegenConfig - camelize end - clientId (new: ClientId)
2023-10-19 22:30:45.344 [Test worker] TRACE i.s.c.v.g.DefaultCodegenConfig - camelize start - clientId
2023-10-19 22:30:45.345 [Test worker] TRACE i.s.c.v.g.DefaultCodegenConfig - camelize end - clientId (new: ClientId)
2023-10-19 22:30:45.345 [Test worker] TRACE i.s.c.v.g.DefaultCodegenConfig - camelize start - clientId
2023-10-19 22:30:45.345 [Test worker] TRACE i.s.c.v.g.DefaultCodegenConfig - camelize end - clientId (new: ClientId)
2023-10-19 22:30:45.347 [Test worker] WARN  i.s.c.v.g.DefaultCodegenConfig - Empty operationId found for path: post /storage/Submit. Renamed to auto-generated operationId: storageSubmitPost
2023-10-19 22:30:45.352 [Test worker] TRACE i.s.c.v.g.DefaultCodegenConfig - camelize start - principal
2023-10-19 22:30:45.352 [Test worker] TRACE i.s.c.v.g.DefaultCodegenConfig - camelize end - principal (new: Principal)
2023-10-19 22:30:45.352 [Test worker] TRACE i.s.c.v.g.DefaultCodegenConfig - camelize start - principal
2023-10-19 22:30:45.352 [Test worker] TRACE i.s.c.v.g.DefaultCodegenConfig - camelize end - principal (new: Principal)
2023-10-19 22:30:45.352 [Test worker] TRACE i.s.c.v.g.DefaultCodegenConfig - camelize start - principal
2023-10-19 22:30:45.352 [Test worker] TRACE i.s.c.v.g.DefaultCodegenConfig - camelize end - principal (new: Principal)
2023-10-19 22:30:45.352 [Test worker] TRACE i.s.c.v.g.DefaultCodegenConfig - camelize start - clientId
2023-10-19 22:30:45.352 [Test worker] TRACE i.s.c.v.g.DefaultCodegenConfig - camelize end - clientId (new: ClientId)
2023-10-19 22:30:45.352 [Test worker] TRACE i.s.c.v.g.DefaultCodegenConfig - camelize start - clientId
2023-10-19 22:30:45.353 [Test worker] TRACE i.s.c.v.g.DefaultCodegenConfig - camelize end - clientId (new: ClientId)
2023-10-19 22:30:45.353 [Test worker] TRACE i.s.c.v.g.DefaultCodegenConfig - camelize start - clientId
2023-10-19 22:30:45.353 [Test worker] TRACE i.s.c.v.g.DefaultCodegenConfig - camelize end - clientId (new: ClientId)
2023-10-19 22:30:45.353 [Test worker] TRACE i.s.c.v.g.DefaultCodegenConfig - camelize start - default
2023-10-19 22:30:45.353 [Test worker] TRACE i.s.c.v.g.DefaultCodegenConfig - camelize end - default (new: Default)
2023-10-19 22:30:45.354 [Test worker] TRACE i.s.c.v.g.DefaultCodegenConfig - camelize start - storageSubmitPost
2023-10-19 22:30:45.354 [Test worker] TRACE i.s.c.v.g.DefaultCodegenConfig - camelize end - storageSubmitPost (new: StorageSubmitPost)
2023-10-19 22:30:45.354 [Test worker] WARN  i.s.c.v.g.DefaultCodegenConfig - Empty operationId found for path: get /storage/Get/{file_name}. Renamed to auto-generated operationId: storageGetFile_nameGet
2023-10-19 22:30:45.359 [Test worker] TRACE i.s.c.v.g.DefaultCodegenConfig - camelize start - Client ID
2023-10-19 22:30:45.359 [Test worker] TRACE i.s.c.v.g.DefaultCodegenConfig - camelize end - Client ID (new: Client ID)
2023-10-19 22:30:45.359 [Test worker] TRACE i.s.c.v.g.DefaultCodegenConfig - camelize start - Client ID
2023-10-19 22:30:45.359 [Test worker] TRACE i.s.c.v.g.DefaultCodegenConfig - camelize end - Client ID (new: Client ID)
2023-10-19 22:30:45.359 [Test worker] TRACE i.s.c.v.g.DefaultCodegenConfig - camelize start - Client ID
2023-10-19 22:30:45.359 [Test worker] TRACE i.s.c.v.g.DefaultCodegenConfig - camelize end - Client ID (new: Client ID)
2023-10-19 22:30:45.360 [Test worker] TRACE i.s.c.v.g.DefaultCodegenConfig - camelize start - file_name
2023-10-19 22:30:45.360 [Test worker] TRACE i.s.c.v.g.DefaultCodegenConfig - camelize end - file_name (new: FileName)
2023-10-19 22:30:45.360 [Test worker] TRACE i.s.c.v.g.DefaultCodegenConfig - camelize start - file_name
2023-10-19 22:30:45.360 [Test worker] TRACE i.s.c.v.g.DefaultCodegenConfig - camelize end - file_name (new: FileName)
2023-10-19 22:30:45.360 [Test worker] TRACE i.s.c.v.g.DefaultCodegenConfig - camelize start - file_name
2023-10-19 22:30:45.360 [Test worker] TRACE i.s.c.v.g.DefaultCodegenConfig - camelize end - file_name (new: FileName)
2023-10-19 22:30:45.361 [Test worker] TRACE i.s.c.v.g.DefaultCodegenConfig - camelize start - default
2023-10-19 22:30:45.361 [Test worker] TRACE i.s.c.v.g.DefaultCodegenConfig - camelize end - default (new: Default)
2023-10-19 22:30:45.361 [Test worker] TRACE i.s.c.v.g.DefaultCodegenConfig - camelize start - storageGetFileNameGet
2023-10-19 22:30:45.361 [Test worker] TRACE i.s.c.v.g.DefaultCodegenConfig - camelize end - storageGetFileNameGet (new: StorageGetFileNameGet)
2023-10-19 22:30:45.361 [Test worker] WARN  i.s.c.v.g.DefaultCodegenConfig - Empty operationId found for path: get /storage/Delete. Renamed to auto-generated operationId: storageDeleteGet
2023-10-19 22:30:45.362 [Test worker] TRACE i.s.c.v.g.DefaultCodegenConfig - camelize start - Client ID
2023-10-19 22:30:45.362 [Test worker] TRACE i.s.c.v.g.DefaultCodegenConfig - camelize end - Client ID (new: Client ID)
2023-10-19 22:30:45.362 [Test worker] TRACE i.s.c.v.g.DefaultCodegenConfig - camelize start - Client ID
2023-10-19 22:30:45.362 [Test worker] TRACE i.s.c.v.g.DefaultCodegenConfig - camelize end - Client ID (new: Client ID)
2023-10-19 22:30:45.362 [Test worker] TRACE i.s.c.v.g.DefaultCodegenConfig - camelize start - Client ID
2023-10-19 22:30:45.362 [Test worker] TRACE i.s.c.v.g.DefaultCodegenConfig - camelize end - Client ID (new: Client ID)
2023-10-19 22:30:45.364 [Test worker] TRACE i.s.c.v.g.DefaultCodegenConfig - camelize start - default
2023-10-19 22:30:45.364 [Test worker] TRACE i.s.c.v.g.DefaultCodegenConfig - camelize end - default (new: Default)
2023-10-19 22:30:45.364 [Test worker] TRACE i.s.c.v.g.DefaultCodegenConfig - camelize start - storageDeleteGet
2023-10-19 22:30:45.364 [Test worker] TRACE i.s.c.v.g.DefaultCodegenConfig - camelize end - storageDeleteGet (new: StorageDeleteGet)
2023-10-19 22:30:45.364 [Test worker] WARN  i.s.c.v.g.DefaultCodegenConfig - Empty operationId found for path: get /password/Get/{len?}/{digits?}/{case?}/{specialChars?}. Renamed to auto-generated operationId: passwordGetLenDigitsCaseSpecialCharsGet
2023-10-19 22:30:45.364 [Test worker] TRACE i.s.c.v.g.DefaultCodegenConfig - camelize start - len
2023-10-19 22:30:45.365 [Test worker] TRACE i.s.c.v.g.DefaultCodegenConfig - camelize end - len (new: Len)
2023-10-19 22:30:45.365 [Test worker] TRACE i.s.c.v.g.DefaultCodegenConfig - camelize start - len
2023-10-19 22:30:45.365 [Test worker] TRACE i.s.c.v.g.DefaultCodegenConfig - camelize end - len (new: Len)
2023-10-19 22:30:45.365 [Test worker] TRACE i.s.c.v.g.DefaultCodegenConfig - camelize start - len
2023-10-19 22:30:45.365 [Test worker] TRACE i.s.c.v.g.DefaultCodegenConfig - camelize end - len (new: Len)
2023-10-19 22:30:45.365 [Test worker] DEBUG i.s.c.v.g.DefaultCodegenConfig - Property type is not primitive: int64
2023-10-19 22:30:45.367 [Test worker] TRACE i.s.c.v.g.DefaultCodegenConfig - camelize start - digits
2023-10-19 22:30:45.367 [Test worker] TRACE i.s.c.v.g.DefaultCodegenConfig - camelize end - digits (new: Digits)
2023-10-19 22:30:45.368 [Test worker] TRACE i.s.c.v.g.DefaultCodegenConfig - camelize start - digits
2023-10-19 22:30:45.368 [Test worker] TRACE i.s.c.v.g.DefaultCodegenConfig - camelize end - digits (new: Digits)
2023-10-19 22:30:45.368 [Test worker] TRACE i.s.c.v.g.DefaultCodegenConfig - camelize start - digits
2023-10-19 22:30:45.368 [Test worker] TRACE i.s.c.v.g.DefaultCodegenConfig - camelize end - digits (new: Digits)
2023-10-19 22:30:45.368 [Test worker] TRACE i.s.c.v.g.DefaultCodegenConfig - camelize start - digits
2023-10-19 22:30:45.368 [Test worker] TRACE i.s.c.v.g.DefaultCodegenConfig - camelize end - digits (new: Digits)
2023-10-19 22:30:45.368 [Test worker] TRACE i.s.c.v.g.DefaultCodegenConfig - camelize start - case
2023-10-19 22:30:45.368 [Test worker] TRACE i.s.c.v.g.DefaultCodegenConfig - camelize end - case (new: Case)
2023-10-19 22:30:45.368 [Test worker] TRACE i.s.c.v.g.DefaultCodegenConfig - camelize start - case
2023-10-19 22:30:45.368 [Test worker] TRACE i.s.c.v.g.DefaultCodegenConfig - camelize end - case (new: Case)
2023-10-19 22:30:45.368 [Test worker] TRACE i.s.c.v.g.DefaultCodegenConfig - camelize start - case
2023-10-19 22:30:45.368 [Test worker] TRACE i.s.c.v.g.DefaultCodegenConfig - camelize end - case (new: Case)
2023-10-19 22:30:45.368 [Test worker] TRACE i.s.c.v.g.DefaultCodegenConfig - camelize start - case
2023-10-19 22:30:45.368 [Test worker] TRACE i.s.c.v.g.DefaultCodegenConfig - camelize end - case (new: Case)
2023-10-19 22:30:45.368 [Test worker] TRACE i.s.c.v.g.DefaultCodegenConfig - camelize start - specialChars
2023-10-19 22:30:45.368 [Test worker] TRACE i.s.c.v.g.DefaultCodegenConfig - camelize end - specialChars (new: SpecialChars)
2023-10-19 22:30:45.368 [Test worker] TRACE i.s.c.v.g.DefaultCodegenConfig - camelize start - specialChars
2023-10-19 22:30:45.368 [Test worker] TRACE i.s.c.v.g.DefaultCodegenConfig - camelize end - specialChars (new: SpecialChars)
2023-10-19 22:30:45.368 [Test worker] TRACE i.s.c.v.g.DefaultCodegenConfig - camelize start - specialChars
2023-10-19 22:30:45.368 [Test worker] TRACE i.s.c.v.g.DefaultCodegenConfig - camelize end - specialChars (new: SpecialChars)
2023-10-19 22:30:45.369 [Test worker] TRACE i.s.c.v.g.DefaultCodegenConfig - camelize start - specialChars
2023-10-19 22:30:45.369 [Test worker] TRACE i.s.c.v.g.DefaultCodegenConfig - camelize end - specialChars (new: SpecialChars)
2023-10-19 22:30:45.369 [Test worker] TRACE i.s.c.v.g.DefaultCodegenConfig - camelize start - default
2023-10-19 22:30:45.369 [Test worker] TRACE i.s.c.v.g.DefaultCodegenConfig - camelize end - default (new: Default)
2023-10-19 22:30:45.369 [Test worker] TRACE i.s.c.v.g.DefaultCodegenConfig - camelize start - passwordGetLenDigitsCaseSpecialCharsGet
2023-10-19 22:30:45.369 [Test worker] TRACE i.s.c.v.g.DefaultCodegenConfig - camelize end - passwordGetLenDigitsCaseSpecialCharsGet (new: PasswordGetLenDigitsCaseSpecialCharsGet)
2023-10-19 22:30:45.369 [Test worker] WARN  i.s.c.v.g.DefaultCodegenConfig - Empty operationId found for path: get /passKey/Get/{len?}/{password?}/{salt?}. Renamed to auto-generated operationId: passKeyGetLenPasswordSaltGet
2023-10-19 22:30:45.369 [Test worker] TRACE i.s.c.v.g.DefaultCodegenConfig - camelize start - len
2023-10-19 22:30:45.369 [Test worker] TRACE i.s.c.v.g.DefaultCodegenConfig - camelize end - len (new: Len)
2023-10-19 22:30:45.369 [Test worker] TRACE i.s.c.v.g.DefaultCodegenConfig - camelize start - len
2023-10-19 22:30:45.369 [Test worker] TRACE i.s.c.v.g.DefaultCodegenConfig - camelize end - len (new: Len)
2023-10-19 22:30:45.369 [Test worker] TRACE i.s.c.v.g.DefaultCodegenConfig - camelize start - len
2023-10-19 22:30:45.369 [Test worker] TRACE i.s.c.v.g.DefaultCodegenConfig - camelize end - len (new: Len)
2023-10-19 22:30:45.369 [Test worker] DEBUG i.s.c.v.g.DefaultCodegenConfig - Property type is not primitive: int64
2023-10-19 22:30:45.369 [Test worker] TRACE i.s.c.v.g.DefaultCodegenConfig - camelize start - password
2023-10-19 22:30:45.369 [Test worker] TRACE i.s.c.v.g.DefaultCodegenConfig - camelize end - password (new: Password)
2023-10-19 22:30:45.369 [Test worker] TRACE i.s.c.v.g.DefaultCodegenConfig - camelize start - password
2023-10-19 22:30:45.369 [Test worker] TRACE i.s.c.v.g.DefaultCodegenConfig - camelize end - password (new: Password)
2023-10-19 22:30:45.369 [Test worker] TRACE i.s.c.v.g.DefaultCodegenConfig - camelize start - password
2023-10-19 22:30:45.370 [Test worker] TRACE i.s.c.v.g.DefaultCodegenConfig - camelize end - password (new: Password)
2023-10-19 22:30:45.370 [Test worker] TRACE i.s.c.v.g.DefaultCodegenConfig - camelize start - password
2023-10-19 22:30:45.370 [Test worker] TRACE i.s.c.v.g.DefaultCodegenConfig - camelize end - password (new: Password)
2023-10-19 22:30:45.370 [Test worker] TRACE i.s.c.v.g.DefaultCodegenConfig - camelize start - salt
2023-10-19 22:30:45.370 [Test worker] TRACE i.s.c.v.g.DefaultCodegenConfig - camelize end - salt (new: Salt)
2023-10-19 22:30:45.370 [Test worker] TRACE i.s.c.v.g.DefaultCodegenConfig - camelize start - salt
2023-10-19 22:30:45.370 [Test worker] TRACE i.s.c.v.g.DefaultCodegenConfig - camelize end - salt (new: Salt)
2023-10-19 22:30:45.370 [Test worker] TRACE i.s.c.v.g.DefaultCodegenConfig - camelize start - salt
2023-10-19 22:30:45.370 [Test worker] TRACE i.s.c.v.g.DefaultCodegenConfig - camelize end - salt (new: Salt)
2023-10-19 22:30:45.370 [Test worker] TRACE i.s.c.v.g.DefaultCodegenConfig - camelize start - salt
2023-10-19 22:30:45.370 [Test worker] TRACE i.s.c.v.g.DefaultCodegenConfig - camelize end - salt (new: Salt)
2023-10-19 22:30:45.370 [Test worker] TRACE i.s.c.v.g.DefaultCodegenConfig - camelize start - default
2023-10-19 22:30:45.370 [Test worker] TRACE i.s.c.v.g.DefaultCodegenConfig - camelize end - default (new: Default)
2023-10-19 22:30:45.370 [Test worker] TRACE i.s.c.v.g.DefaultCodegenConfig - camelize start - passKeyGetLenPasswordSaltGet
2023-10-19 22:30:45.370 [Test worker] TRACE i.s.c.v.g.DefaultCodegenConfig - camelize end - passKeyGetLenPasswordSaltGet (new: PassKeyGetLenPasswordSaltGet)
2023-10-19 22:30:45.370 [Test worker] WARN  i.s.c.v.g.DefaultCodegenConfig - Empty operationId found for path: post /virusChecker/. Renamed to auto-generated operationId: virusCheckerPost
2023-10-19 22:30:45.376 [Test worker] TRACE i.s.c.v.g.DefaultCodegenConfig - camelize start - default
2023-10-19 22:30:45.376 [Test worker] TRACE i.s.c.v.g.DefaultCodegenConfig - camelize end - default (new: Default)
2023-10-19 22:30:45.376 [Test worker] TRACE i.s.c.v.g.DefaultCodegenConfig - camelize start - virusCheckerPost
2023-10-19 22:30:45.376 [Test worker] TRACE i.s.c.v.g.DefaultCodegenConfig - camelize end - virusCheckerPost (new: VirusCheckerPost)
2023-10-19 22:30:45.392 [Test worker] DEBUG c.g.j.h.internal.HbsParserFactory - About to parse: /handlebars/htmlDocs2/index.mustache
2023-10-19 22:30:45.421 [Test worker] DEBUG c.g.j.h.internal.HbsParserFactory - Building AST
2023-10-19 22:30:45.474 [Test worker] DEBUG c.g.j.h.internal.HbsParserFactory - Applying Mustache spec
2023-10-19 22:30:45.479 [Test worker] DEBUG c.g.j.h.internal.HbsParserFactory - Creating templates
2023-10-19 22:30:45.491 [Test worker] DEBUG c.g.j.h.internal.HbsParserFactory - About to parse: /handlebars/htmlDocs2/js_jquery.mustache
2023-10-19 22:30:45.517 [Test worker] DEBUG c.g.j.h.internal.HbsParserFactory - Building AST
2023-10-19 22:30:45.550 [Test worker] DEBUG c.g.j.h.internal.HbsParserFactory - Applying Mustache spec
2023-10-19 22:30:45.550 [Test worker] DEBUG c.g.j.h.internal.HbsParserFactory - Creating templates
2023-10-19 22:30:45.551 [Test worker] DEBUG c.g.j.h.internal.HbsParserFactory - About to parse: /handlebars/htmlDocs2/js_prettify.mustache
2023-10-19 22:30:45.555 [Test worker] DEBUG c.g.j.h.internal.HbsParserFactory - Building AST
2023-10-19 22:30:45.560 [Test worker] DEBUG c.g.j.h.internal.HbsParserFactory - Applying Mustache spec
2023-10-19 22:30:45.560 [Test worker] DEBUG c.g.j.h.internal.HbsParserFactory - Creating templates
2023-10-19 22:30:45.560 [Test worker] DEBUG c.g.j.h.internal.HbsParserFactory - About to parse: /handlebars/htmlDocs2/js_bootstrap.mustache
2023-10-19 22:30:45.567 [Test worker] DEBUG c.g.j.h.internal.HbsParserFactory - Building AST
2023-10-19 22:30:45.568 [Test worker] DEBUG c.g.j.h.internal.HbsParserFactory - Applying Mustache spec
2023-10-19 22:30:45.568 [Test worker] DEBUG c.g.j.h.internal.HbsParserFactory - Creating templates
2023-10-19 22:30:45.569 [Test worker] DEBUG c.g.j.h.internal.HbsParserFactory - About to parse: /handlebars/htmlDocs2/marked.mustache
2023-10-19 22:30:45.578 [Test worker] DEBUG c.g.j.h.internal.HbsParserFactory - Building AST
2023-10-19 22:30:45.579 [Test worker] DEBUG c.g.j.h.internal.HbsParserFactory - Applying Mustache spec
2023-10-19 22:30:45.579 [Test worker] DEBUG c.g.j.h.internal.HbsParserFactory - Creating templates
2023-10-19 22:30:45.581 [Test worker] DEBUG c.g.j.h.internal.HbsParserFactory - About to parse: /handlebars/htmlDocs2/css_bootstrap.mustache
2023-10-19 22:30:45.606 [Test worker] DEBUG c.g.j.h.internal.HbsParserFactory - Building AST
2023-10-19 22:30:45.609 [Test worker] DEBUG c.g.j.h.internal.HbsParserFactory - Applying Mustache spec
2023-10-19 22:30:45.609 [Test worker] DEBUG c.g.j.h.internal.HbsParserFactory - Creating templates
2023-10-19 22:30:45.610 [Test worker] DEBUG c.g.j.h.internal.HbsParserFactory - About to parse: /handlebars/htmlDocs2/css_prettify.mustache
2023-10-19 22:30:45.610 [Test worker] DEBUG c.g.j.h.internal.HbsParserFactory - Building AST
2023-10-19 22:30:45.610 [Test worker] DEBUG c.g.j.h.internal.HbsParserFactory - Applying Mustache spec
2023-10-19 22:30:45.610 [Test worker] DEBUG c.g.j.h.internal.HbsParserFactory - Creating templates
2023-10-19 22:30:45.611 [Test worker] DEBUG c.g.j.h.internal.HbsParserFactory - About to parse: /handlebars/htmlDocs2/styles.mustache
2023-10-19 22:30:45.614 [Test worker] DEBUG c.g.j.h.internal.HbsParserFactory - Building AST
2023-10-19 22:30:45.614 [Test worker] DEBUG c.g.j.h.internal.HbsParserFactory - Applying Mustache spec
2023-10-19 22:30:45.614 [Test worker] DEBUG c.g.j.h.internal.HbsParserFactory - Creating templates
2023-10-19 22:30:45.619 [Test worker] DEBUG c.g.j.h.internal.HbsParserFactory - About to parse: /handlebars/htmlDocs2/sample_java.mustache
2023-10-19 22:30:45.619 [Test worker] DEBUG c.g.j.h.internal.HbsParserFactory - Building AST
2023-10-19 22:30:45.624 [Test worker] DEBUG c.g.j.h.internal.HbsParserFactory - Applying Mustache spec
2023-10-19 22:30:45.625 [Test worker] DEBUG c.g.j.h.internal.HbsParserFactory - Creating templates
2023-10-19 22:30:45.627 [Test worker] DEBUG c.g.j.h.internal.HbsParserFactory - About to parse: /handlebars/htmlDocs2/sample_android.mustache
2023-10-19 22:30:45.627 [Test worker] DEBUG c.g.j.h.internal.HbsParserFactory - Building AST
2023-10-19 22:30:45.629 [Test worker] DEBUG c.g.j.h.internal.HbsParserFactory - Applying Mustache spec
2023-10-19 22:30:45.629 [Test worker] DEBUG c.g.j.h.internal.HbsParserFactory - Creating templates
2023-10-19 22:30:45.630 [Test worker] DEBUG c.g.j.h.internal.HbsParserFactory - About to parse: /handlebars/htmlDocs2/sample_objc.mustache
2023-10-19 22:30:45.631 [Test worker] DEBUG c.g.j.h.internal.HbsParserFactory - Building AST
2023-10-19 22:30:45.638 [Test worker] DEBUG c.g.j.h.internal.HbsParserFactory - Applying Mustache spec
2023-10-19 22:30:45.639 [Test worker] DEBUG c.g.j.h.internal.HbsParserFactory - Creating templates
2023-10-19 22:30:45.640 [Test worker] DEBUG c.g.j.h.internal.HbsParserFactory - About to parse: /handlebars/htmlDocs2/sample_js.mustache
2023-10-19 22:30:45.640 [Test worker] DEBUG c.g.j.h.internal.HbsParserFactory - Building AST
2023-10-19 22:30:45.652 [Test worker] DEBUG c.g.j.h.internal.HbsParserFactory - Applying Mustache spec
2023-10-19 22:30:45.652 [Test worker] DEBUG c.g.j.h.internal.HbsParserFactory - Creating templates
2023-10-19 22:30:45.654 [Test worker] DEBUG c.g.j.h.internal.HbsParserFactory - About to parse: /handlebars/htmlDocs2/sample_csharp.mustache
2023-10-19 22:30:45.654 [Test worker] DEBUG c.g.j.h.internal.HbsParserFactory - Building AST
2023-10-19 22:30:45.659 [Test worker] DEBUG c.g.j.h.internal.HbsParserFactory - Applying Mustache spec
2023-10-19 22:30:45.659 [Test worker] DEBUG c.g.j.h.internal.HbsParserFactory - Creating templates
2023-10-19 22:30:45.661 [Test worker] DEBUG c.g.j.h.internal.HbsParserFactory - About to parse: /handlebars/htmlDocs2/sample_php.mustache
2023-10-19 22:30:45.661 [Test worker] DEBUG c.g.j.h.internal.HbsParserFactory - Building AST
2023-10-19 22:30:45.664 [Test worker] DEBUG c.g.j.h.internal.HbsParserFactory - Applying Mustache spec
2023-10-19 22:30:45.664 [Test worker] DEBUG c.g.j.h.internal.HbsParserFactory - Creating templates
2023-10-19 22:30:45.665 [Test worker] DEBUG c.g.j.h.internal.HbsParserFactory - About to parse: /handlebars/htmlDocs2/sample_perl.mustache
2023-10-19 22:30:45.666 [Test worker] DEBUG c.g.j.h.internal.HbsParserFactory - Building AST
2023-10-19 22:30:45.670 [Test worker] DEBUG c.g.j.h.internal.HbsParserFactory - Applying Mustache spec
2023-10-19 22:30:45.671 [Test worker] DEBUG c.g.j.h.internal.HbsParserFactory - Creating templates
2023-10-19 22:30:45.672 [Test worker] DEBUG c.g.j.h.internal.HbsParserFactory - About to parse: /handlebars/htmlDocs2/sample_python.mustache
2023-10-19 22:30:45.672 [Test worker] DEBUG c.g.j.h.internal.HbsParserFactory - Building AST
2023-10-19 22:30:45.676 [Test worker] DEBUG c.g.j.h.internal.HbsParserFactory - Applying Mustache spec
2023-10-19 22:30:45.677 [Test worker] DEBUG c.g.j.h.internal.HbsParserFactory - Creating templates
2023-10-19 22:30:45.678 [Test worker] DEBUG c.g.j.h.internal.HbsParserFactory - About to parse: /handlebars/htmlDocs2/param.mustache
2023-10-19 22:30:45.679 [Test worker] DEBUG c.g.j.h.internal.HbsParserFactory - Building AST
2023-10-19 22:30:45.681 [Test worker] DEBUG c.g.j.h.internal.HbsParserFactory - Applying Mustache spec
2023-10-19 22:30:45.681 [Test worker] DEBUG c.g.j.h.internal.HbsParserFactory - Creating templates
2023-10-19 22:30:45.682 [Test worker] DEBUG c.g.j.h.internal.HbsParserFactory - About to parse: /handlebars/htmlDocs2/param.mustache
2023-10-19 22:30:45.682 [Test worker] DEBUG c.g.j.h.internal.HbsParserFactory - Building AST
2023-10-19 22:30:45.684 [Test worker] DEBUG c.g.j.h.internal.HbsParserFactory - Applying Mustache spec
2023-10-19 22:30:45.684 [Test worker] DEBUG c.g.j.h.internal.HbsParserFactory - Creating templates
2023-10-19 22:30:45.684 [Test worker] DEBUG c.g.j.h.internal.HbsParserFactory - About to parse: /handlebars/htmlDocs2/param.mustache
2023-10-19 22:30:45.685 [Test worker] DEBUG c.g.j.h.internal.HbsParserFactory - Building AST
2023-10-19 22:30:45.686 [Test worker] DEBUG c.g.j.h.internal.HbsParserFactory - Applying Mustache spec
2023-10-19 22:30:45.686 [Test worker] DEBUG c.g.j.h.internal.HbsParserFactory - Creating templates
2023-10-19 22:30:45.688 [Test worker] DEBUG c.g.j.h.internal.HbsParserFactory - About to parse: /handlebars/htmlDocs2/sample_java.mustache
2023-10-19 22:30:45.688 [Test worker] DEBUG c.g.j.h.internal.HbsParserFactory - Building AST
2023-10-19 22:30:45.691 [Test worker] DEBUG c.g.j.h.internal.HbsParserFactory - Applying Mustache spec
2023-10-19 22:30:45.691 [Test worker] DEBUG c.g.j.h.internal.HbsParserFactory - Creating templates
2023-10-19 22:30:45.692 [Test worker] DEBUG c.g.j.h.internal.HbsParserFactory - About to parse: /handlebars/htmlDocs2/sample_android.mustache
2023-10-19 22:30:45.692 [Test worker] DEBUG c.g.j.h.internal.HbsParserFactory - Building AST
2023-10-19 22:30:45.693 [Test worker] DEBUG c.g.j.h.internal.HbsParserFactory - Applying Mustache spec
2023-10-19 22:30:45.693 [Test worker] DEBUG c.g.j.h.internal.HbsParserFactory - Creating templates
2023-10-19 22:30:45.694 [Test worker] DEBUG c.g.j.h.internal.HbsParserFactory - About to parse: /handlebars/htmlDocs2/sample_objc.mustache
2023-10-19 22:30:45.694 [Test worker] DEBUG c.g.j.h.internal.HbsParserFactory - Building AST
2023-10-19 22:30:45.696 [Test worker] DEBUG c.g.j.h.internal.HbsParserFactory - Applying Mustache spec
2023-10-19 22:30:45.696 [Test worker] DEBUG c.g.j.h.internal.HbsParserFactory - Creating templates
2023-10-19 22:30:45.697 [Test worker] DEBUG c.g.j.h.internal.HbsParserFactory - About to parse: /handlebars/htmlDocs2/sample_js.mustache
2023-10-19 22:30:45.698 [Test worker] DEBUG c.g.j.h.internal.HbsParserFactory - Building AST
2023-10-19 22:30:45.701 [Test worker] DEBUG c.g.j.h.internal.HbsParserFactory - Applying Mustache spec
2023-10-19 22:30:45.701 [Test worker] DEBUG c.g.j.h.internal.HbsParserFactory - Creating templates
2023-10-19 22:30:45.702 [Test worker] DEBUG c.g.j.h.internal.HbsParserFactory - About to parse: /handlebars/htmlDocs2/sample_csharp.mustache
2023-10-19 22:30:45.703 [Test worker] DEBUG c.g.j.h.internal.HbsParserFactory - Building AST
2023-10-19 22:30:45.705 [Test worker] DEBUG c.g.j.h.internal.HbsParserFactory - Applying Mustache spec
2023-10-19 22:30:45.705 [Test worker] DEBUG c.g.j.h.internal.HbsParserFactory - Creating templates
2023-10-19 22:30:45.706 [Test worker] DEBUG c.g.j.h.internal.HbsParserFactory - About to parse: /handlebars/htmlDocs2/sample_php.mustache
2023-10-19 22:30:45.706 [Test worker] DEBUG c.g.j.h.internal.HbsParserFactory - Building AST
2023-10-19 22:30:45.708 [Test worker] DEBUG c.g.j.h.internal.HbsParserFactory - Applying Mustache spec
2023-10-19 22:30:45.708 [Test worker] DEBUG c.g.j.h.internal.HbsParserFactory - Creating templates
2023-10-19 22:30:45.709 [Test worker] DEBUG c.g.j.h.internal.HbsParserFactory - About to parse: /handlebars/htmlDocs2/sample_perl.mustache
2023-10-19 22:30:45.709 [Test worker] DEBUG c.g.j.h.internal.HbsParserFactory - Building AST
2023-10-19 22:30:45.711 [Test worker] DEBUG c.g.j.h.internal.HbsParserFactory - Applying Mustache spec
2023-10-19 22:30:45.711 [Test worker] DEBUG c.g.j.h.internal.HbsParserFactory - Creating templates
2023-10-19 22:30:45.712 [Test worker] DEBUG c.g.j.h.internal.HbsParserFactory - About to parse: /handlebars/htmlDocs2/sample_python.mustache
2023-10-19 22:30:45.712 [Test worker] DEBUG c.g.j.h.internal.HbsParserFactory - Building AST
2023-10-19 22:30:45.714 [Test worker] DEBUG c.g.j.h.internal.HbsParserFactory - Applying Mustache spec
2023-10-19 22:30:45.714 [Test worker] DEBUG c.g.j.h.internal.HbsParserFactory - Creating templates
2023-10-19 22:30:45.715 [Test worker] DEBUG c.g.j.h.internal.HbsParserFactory - About to parse: /handlebars/htmlDocs2/param.mustache
2023-10-19 22:30:45.716 [Test worker] DEBUG c.g.j.h.internal.HbsParserFactory - Building AST
2023-10-19 22:30:45.717 [Test worker] DEBUG c.g.j.h.internal.HbsParserFactory - Applying Mustache spec
2023-10-19 22:30:45.717 [Test worker] DEBUG c.g.j.h.internal.HbsParserFactory - Creating templates
2023-10-19 22:30:45.717 [Test worker] DEBUG c.g.j.h.internal.HbsParserFactory - About to parse: /handlebars/htmlDocs2/param.mustache
2023-10-19 22:30:45.718 [Test worker] DEBUG c.g.j.h.internal.HbsParserFactory - Building AST
2023-10-19 22:30:45.719 [Test worker] DEBUG c.g.j.h.internal.HbsParserFactory - Applying Mustache spec
2023-10-19 22:30:45.719 [Test worker] DEBUG c.g.j.h.internal.HbsParserFactory - Creating templates
2023-10-19 22:30:45.719 [Test worker] DEBUG c.g.j.h.internal.HbsParserFactory - About to parse: /handlebars/htmlDocs2/param.mustache
2023-10-19 22:30:45.719 [Test worker] DEBUG c.g.j.h.internal.HbsParserFactory - Building AST
2023-10-19 22:30:45.720 [Test worker] DEBUG c.g.j.h.internal.HbsParserFactory - Applying Mustache spec
2023-10-19 22:30:45.720 [Test worker] DEBUG c.g.j.h.internal.HbsParserFactory - Creating templates
2023-10-19 22:30:45.721 [Test worker] DEBUG c.g.j.h.internal.HbsParserFactory - About to parse: /handlebars/htmlDocs2/param.mustache
2023-10-19 22:30:45.721 [Test worker] DEBUG c.g.j.h.internal.HbsParserFactory - Building AST
2023-10-19 22:30:45.722 [Test worker] DEBUG c.g.j.h.internal.HbsParserFactory - Applying Mustache spec
2023-10-19 22:30:45.722 [Test worker] DEBUG c.g.j.h.internal.HbsParserFactory - Creating templates
2023-10-19 22:30:45.723 [Test worker] DEBUG c.g.j.h.internal.HbsParserFactory - About to parse: /handlebars/htmlDocs2/sample_java.mustache
2023-10-19 22:30:45.723 [Test worker] DEBUG c.g.j.h.internal.HbsParserFactory - Building AST
2023-10-19 22:30:45.725 [Test worker] DEBUG c.g.j.h.internal.HbsParserFactory - Applying Mustache spec
2023-10-19 22:30:45.725 [Test worker] DEBUG c.g.j.h.internal.HbsParserFactory - Creating templates
2023-10-19 22:30:45.726 [Test worker] DEBUG c.g.j.h.internal.HbsParserFactory - About to parse: /handlebars/htmlDocs2/sample_android.mustache
2023-10-19 22:30:45.726 [Test worker] DEBUG c.g.j.h.internal.HbsParserFactory - Building AST
2023-10-19 22:30:45.727 [Test worker] DEBUG c.g.j.h.internal.HbsParserFactory - Applying Mustache spec
2023-10-19 22:30:45.727 [Test worker] DEBUG c.g.j.h.internal.HbsParserFactory - Creating templates
2023-10-19 22:30:45.727 [Test worker] DEBUG c.g.j.h.internal.HbsParserFactory - About to parse: /handlebars/htmlDocs2/sample_objc.mustache
2023-10-19 22:30:45.728 [Test worker] DEBUG c.g.j.h.internal.HbsParserFactory - Building AST
2023-10-19 22:30:45.729 [Test worker] DEBUG c.g.j.h.internal.HbsParserFactory - Applying Mustache spec
2023-10-19 22:30:45.729 [Test worker] DEBUG c.g.j.h.internal.HbsParserFactory - Creating templates
2023-10-19 22:30:45.730 [Test worker] DEBUG c.g.j.h.internal.HbsParserFactory - About to parse: /handlebars/htmlDocs2/sample_js.mustache
2023-10-19 22:30:45.730 [Test worker] DEBUG c.g.j.h.internal.HbsParserFactory - Building AST
2023-10-19 22:30:45.734 [Test worker] DEBUG c.g.j.h.internal.HbsParserFactory - Applying Mustache spec
2023-10-19 22:30:45.734 [Test worker] DEBUG c.g.j.h.internal.HbsParserFactory - Creating templates
2023-10-19 22:30:45.735 [Test worker] DEBUG c.g.j.h.internal.HbsParserFactory - About to parse: /handlebars/htmlDocs2/sample_csharp.mustache
2023-10-19 22:30:45.735 [Test worker] DEBUG c.g.j.h.internal.HbsParserFactory - Building AST
2023-10-19 22:30:45.737 [Test worker] DEBUG c.g.j.h.internal.HbsParserFactory - Applying Mustache spec
2023-10-19 22:30:45.738 [Test worker] DEBUG c.g.j.h.internal.HbsParserFactory - Creating templates
2023-10-19 22:30:45.738 [Test worker] DEBUG c.g.j.h.internal.HbsParserFactory - About to parse: /handlebars/htmlDocs2/sample_php.mustache
2023-10-19 22:30:45.739 [Test worker] DEBUG c.g.j.h.internal.HbsParserFactory - Building AST
2023-10-19 22:30:45.740 [Test worker] DEBUG c.g.j.h.internal.HbsParserFactory - Applying Mustache spec
2023-10-19 22:30:45.740 [Test worker] DEBUG c.g.j.h.internal.HbsParserFactory - Creating templates
2023-10-19 22:30:45.741 [Test worker] DEBUG c.g.j.h.internal.HbsParserFactory - About to parse: /handlebars/htmlDocs2/sample_perl.mustache
2023-10-19 22:30:45.741 [Test worker] DEBUG c.g.j.h.internal.HbsParserFactory - Building AST
2023-10-19 22:30:45.743 [Test worker] DEBUG c.g.j.h.internal.HbsParserFactory - Applying Mustache spec
2023-10-19 22:30:45.743 [Test worker] DEBUG c.g.j.h.internal.HbsParserFactory - Creating templates
2023-10-19 22:30:45.744 [Test worker] DEBUG c.g.j.h.internal.HbsParserFactory - About to parse: /handlebars/htmlDocs2/sample_python.mustache
2023-10-19 22:30:45.744 [Test worker] DEBUG c.g.j.h.internal.HbsParserFactory - Building AST
2023-10-19 22:30:45.745 [Test worker] DEBUG c.g.j.h.internal.HbsParserFactory - Applying Mustache spec
2023-10-19 22:30:45.745 [Test worker] DEBUG c.g.j.h.internal.HbsParserFactory - Creating templates
2023-10-19 22:30:45.746 [Test worker] DEBUG c.g.j.h.internal.HbsParserFactory - About to parse: /handlebars/htmlDocs2/param.mustache
2023-10-19 22:30:45.746 [Test worker] DEBUG c.g.j.h.internal.HbsParserFactory - Building AST
2023-10-19 22:30:45.747 [Test worker] DEBUG c.g.j.h.internal.HbsParserFactory - Applying Mustache spec
2023-10-19 22:30:45.747 [Test worker] DEBUG c.g.j.h.internal.HbsParserFactory - Creating templates
2023-10-19 22:30:45.748 [Test worker] DEBUG c.g.j.h.internal.HbsParserFactory - About to parse: /handlebars/htmlDocs2/sample_java.mustache
2023-10-19 22:30:45.748 [Test worker] DEBUG c.g.j.h.internal.HbsParserFactory - Building AST
2023-10-19 22:30:45.750 [Test worker] DEBUG c.g.j.h.internal.HbsParserFactory - Applying Mustache spec
2023-10-19 22:30:45.750 [Test worker] DEBUG c.g.j.h.internal.HbsParserFactory - Creating templates
2023-10-19 22:30:45.751 [Test worker] DEBUG c.g.j.h.internal.HbsParserFactory - About to parse: /handlebars/htmlDocs2/sample_android.mustache
2023-10-19 22:30:45.751 [Test worker] DEBUG c.g.j.h.internal.HbsParserFactory - Building AST
2023-10-19 22:30:45.751 [Test worker] DEBUG c.g.j.h.internal.HbsParserFactory - Applying Mustache spec
2023-10-19 22:30:45.752 [Test worker] DEBUG c.g.j.h.internal.HbsParserFactory - Creating templates
2023-10-19 22:30:45.752 [Test worker] DEBUG c.g.j.h.internal.HbsParserFactory - About to parse: /handlebars/htmlDocs2/sample_objc.mustache
2023-10-19 22:30:45.752 [Test worker] DEBUG c.g.j.h.internal.HbsParserFactory - Building AST
2023-10-19 22:30:45.754 [Test worker] DEBUG c.g.j.h.internal.HbsParserFactory - Applying Mustache spec
2023-10-19 22:30:45.754 [Test worker] DEBUG c.g.j.h.internal.HbsParserFactory - Creating templates
2023-10-19 22:30:45.755 [Test worker] DEBUG c.g.j.h.internal.HbsParserFactory - About to parse: /handlebars/htmlDocs2/sample_js.mustache
2023-10-19 22:30:45.755 [Test worker] DEBUG c.g.j.h.internal.HbsParserFactory - Building AST
2023-10-19 22:30:45.757 [Test worker] DEBUG c.g.j.h.internal.HbsParserFactory - Applying Mustache spec
2023-10-19 22:30:45.758 [Test worker] DEBUG c.g.j.h.internal.HbsParserFactory - Creating templates
2023-10-19 22:30:45.759 [Test worker] DEBUG c.g.j.h.internal.HbsParserFactory - About to parse: /handlebars/htmlDocs2/sample_csharp.mustache
2023-10-19 22:30:45.759 [Test worker] DEBUG c.g.j.h.internal.HbsParserFactory - Building AST
2023-10-19 22:30:45.761 [Test worker] DEBUG c.g.j.h.internal.HbsParserFactory - Applying Mustache spec
2023-10-19 22:30:45.761 [Test worker] DEBUG c.g.j.h.internal.HbsParserFactory - Creating templates
2023-10-19 22:30:45.761 [Test worker] DEBUG c.g.j.h.internal.HbsParserFactory - About to parse: /handlebars/htmlDocs2/sample_php.mustache
2023-10-19 22:30:45.762 [Test worker] DEBUG c.g.j.h.internal.HbsParserFactory - Building AST
2023-10-19 22:30:45.763 [Test worker] DEBUG c.g.j.h.internal.HbsParserFactory - Applying Mustache spec
2023-10-19 22:30:45.763 [Test worker] DEBUG c.g.j.h.internal.HbsParserFactory - Creating templates
2023-10-19 22:30:45.763 [Test worker] DEBUG c.g.j.h.internal.HbsParserFactory - About to parse: /handlebars/htmlDocs2/sample_perl.mustache
2023-10-19 22:30:45.763 [Test worker] DEBUG c.g.j.h.internal.HbsParserFactory - Building AST
2023-10-19 22:30:45.765 [Test worker] DEBUG c.g.j.h.internal.HbsParserFactory - Applying Mustache spec
2023-10-19 22:30:45.765 [Test worker] DEBUG c.g.j.h.internal.HbsParserFactory - Creating templates
2023-10-19 22:30:45.766 [Test worker] DEBUG c.g.j.h.internal.HbsParserFactory - About to parse: /handlebars/htmlDocs2/sample_python.mustache
2023-10-19 22:30:45.766 [Test worker] DEBUG c.g.j.h.internal.HbsParserFactory - Building AST
2023-10-19 22:30:45.768 [Test worker] DEBUG c.g.j.h.internal.HbsParserFactory - Applying Mustache spec
2023-10-19 22:30:45.768 [Test worker] DEBUG c.g.j.h.internal.HbsParserFactory - Creating templates
2023-10-19 22:30:45.768 [Test worker] DEBUG c.g.j.h.internal.HbsParserFactory - About to parse: /handlebars/htmlDocs2/param.mustache
2023-10-19 22:30:45.769 [Test worker] DEBUG c.g.j.h.internal.HbsParserFactory - Building AST
2023-10-19 22:30:45.769 [Test worker] DEBUG c.g.j.h.internal.HbsParserFactory - Applying Mustache spec
2023-10-19 22:30:45.769 [Test worker] DEBUG c.g.j.h.internal.HbsParserFactory - Creating templates
2023-10-19 22:30:45.770 [Test worker] DEBUG c.g.j.h.internal.HbsParserFactory - About to parse: /handlebars/htmlDocs2/param.mustache
2023-10-19 22:30:45.770 [Test worker] DEBUG c.g.j.h.internal.HbsParserFactory - Building AST
2023-10-19 22:30:45.771 [Test worker] DEBUG c.g.j.h.internal.HbsParserFactory - Applying Mustache spec
2023-10-19 22:30:45.772 [Test worker] DEBUG c.g.j.h.internal.HbsParserFactory - Creating templates
2023-10-19 22:30:45.773 [Test worker] DEBUG c.g.j.h.internal.HbsParserFactory - About to parse: /handlebars/htmlDocs2/sample_java.mustache
2023-10-19 22:30:45.773 [Test worker] DEBUG c.g.j.h.internal.HbsParserFactory - Building AST
2023-10-19 22:30:45.774 [Test worker] DEBUG c.g.j.h.internal.HbsParserFactory - Applying Mustache spec
2023-10-19 22:30:45.774 [Test worker] DEBUG c.g.j.h.internal.HbsParserFactory - Creating templates
2023-10-19 22:30:45.775 [Test worker] DEBUG c.g.j.h.internal.HbsParserFactory - About to parse: /handlebars/htmlDocs2/sample_android.mustache
2023-10-19 22:30:45.775 [Test worker] DEBUG c.g.j.h.internal.HbsParserFactory - Building AST
2023-10-19 22:30:45.776 [Test worker] DEBUG c.g.j.h.internal.HbsParserFactory - Applying Mustache spec
2023-10-19 22:30:45.776 [Test worker] DEBUG c.g.j.h.internal.HbsParserFactory - Creating templates
2023-10-19 22:30:45.776 [Test worker] DEBUG c.g.j.h.internal.HbsParserFactory - About to parse: /handlebars/htmlDocs2/sample_objc.mustache
2023-10-19 22:30:45.776 [Test worker] DEBUG c.g.j.h.internal.HbsParserFactory - Building AST
2023-10-19 22:30:45.778 [Test worker] DEBUG c.g.j.h.internal.HbsParserFactory - Applying Mustache spec
2023-10-19 22:30:45.778 [Test worker] DEBUG c.g.j.h.internal.HbsParserFactory - Creating templates
2023-10-19 22:30:45.779 [Test worker] DEBUG c.g.j.h.internal.HbsParserFactory - About to parse: /handlebars/htmlDocs2/sample_js.mustache
2023-10-19 22:30:45.779 [Test worker] DEBUG c.g.j.h.internal.HbsParserFactory - Building AST
2023-10-19 22:30:45.781 [Test worker] DEBUG c.g.j.h.internal.HbsParserFactory - Applying Mustache spec
2023-10-19 22:30:45.782 [Test worker] DEBUG c.g.j.h.internal.HbsParserFactory - Creating templates
2023-10-19 22:30:45.783 [Test worker] DEBUG c.g.j.h.internal.HbsParserFactory - About to parse: /handlebars/htmlDocs2/sample_csharp.mustache
2023-10-19 22:30:45.783 [Test worker] DEBUG c.g.j.h.internal.HbsParserFactory - Building AST
2023-10-19 22:30:45.785 [Test worker] DEBUG c.g.j.h.internal.HbsParserFactory - Applying Mustache spec
2023-10-19 22:30:45.785 [Test worker] DEBUG c.g.j.h.internal.HbsParserFactory - Creating templates
2023-10-19 22:30:45.786 [Test worker] DEBUG c.g.j.h.internal.HbsParserFactory - About to parse: /handlebars/htmlDocs2/sample_php.mustache
2023-10-19 22:30:45.786 [Test worker] DEBUG c.g.j.h.internal.HbsParserFactory - Building AST
2023-10-19 22:30:45.787 [Test worker] DEBUG c.g.j.h.internal.HbsParserFactory - Applying Mustache spec
2023-10-19 22:30:45.787 [Test worker] DEBUG c.g.j.h.internal.HbsParserFactory - Creating templates
2023-10-19 22:30:45.787 [Test worker] DEBUG c.g.j.h.internal.HbsParserFactory - About to parse: /handlebars/htmlDocs2/sample_perl.mustache
2023-10-19 22:30:45.787 [Test worker] DEBUG c.g.j.h.internal.HbsParserFactory - Building AST
2023-10-19 22:30:45.789 [Test worker] DEBUG c.g.j.h.internal.HbsParserFactory - Applying Mustache spec
2023-10-19 22:30:45.789 [Test worker] DEBUG c.g.j.h.internal.HbsParserFactory - Creating templates
2023-10-19 22:30:45.790 [Test worker] DEBUG c.g.j.h.internal.HbsParserFactory - About to parse: /handlebars/htmlDocs2/sample_python.mustache
2023-10-19 22:30:45.790 [Test worker] DEBUG c.g.j.h.internal.HbsParserFactory - Building AST
2023-10-19 22:30:45.791 [Test worker] DEBUG c.g.j.h.internal.HbsParserFactory - Applying Mustache spec
2023-10-19 22:30:45.792 [Test worker] DEBUG c.g.j.h.internal.HbsParserFactory - Creating templates
2023-10-19 22:30:45.792 [Test worker] DEBUG c.g.j.h.internal.HbsParserFactory - About to parse: /handlebars/htmlDocs2/paramB.mustache
2023-10-19 22:30:45.793 [Test worker] DEBUG c.g.j.h.internal.HbsParserFactory - Building AST
2023-10-19 22:30:45.793 [Test worker] DEBUG c.g.j.h.internal.HbsParserFactory - Applying Mustache spec
2023-10-19 22:30:45.793 [Test worker] DEBUG c.g.j.h.internal.HbsParserFactory - Creating templates
2023-10-19 22:30:45.794 [Test worker] DEBUG c.g.j.h.internal.HbsParserFactory - About to parse: /handlebars/htmlDocs2/sample_java.mustache
2023-10-19 22:30:45.794 [Test worker] DEBUG c.g.j.h.internal.HbsParserFactory - Building AST
2023-10-19 22:30:45.796 [Test worker] DEBUG c.g.j.h.internal.HbsParserFactory - Applying Mustache spec
2023-10-19 22:30:45.796 [Test worker] DEBUG c.g.j.h.internal.HbsParserFactory - Creating templates
2023-10-19 22:30:45.796 [Test worker] DEBUG c.g.j.h.internal.HbsParserFactory - About to parse: /handlebars/htmlDocs2/sample_android.mustache
2023-10-19 22:30:45.796 [Test worker] DEBUG c.g.j.h.internal.HbsParserFactory - Building AST
2023-10-19 22:30:45.797 [Test worker] DEBUG c.g.j.h.internal.HbsParserFactory - Applying Mustache spec
2023-10-19 22:30:45.797 [Test worker] DEBUG c.g.j.h.internal.HbsParserFactory - Creating templates
2023-10-19 22:30:45.798 [Test worker] DEBUG c.g.j.h.internal.HbsParserFactory - About to parse: /handlebars/htmlDocs2/sample_objc.mustache
2023-10-19 22:30:45.798 [Test worker] DEBUG c.g.j.h.internal.HbsParserFactory - Building AST
2023-10-19 22:30:45.800 [Test worker] DEBUG c.g.j.h.internal.HbsParserFactory - Applying Mustache spec
2023-10-19 22:30:45.800 [Test worker] DEBUG c.g.j.h.internal.HbsParserFactory - Creating templates
2023-10-19 22:30:45.800 [Test worker] DEBUG c.g.j.h.internal.HbsParserFactory - About to parse: /handlebars/htmlDocs2/sample_js.mustache
2023-10-19 22:30:45.800 [Test worker] DEBUG c.g.j.h.internal.HbsParserFactory - Building AST
2023-10-19 22:30:45.803 [Test worker] DEBUG c.g.j.h.internal.HbsParserFactory - Applying Mustache spec
2023-10-19 22:30:45.803 [Test worker] DEBUG c.g.j.h.internal.HbsParserFactory - Creating templates
2023-10-19 22:30:45.804 [Test worker] DEBUG c.g.j.h.internal.HbsParserFactory - About to parse: /handlebars/htmlDocs2/sample_csharp.mustache
2023-10-19 22:30:45.804 [Test worker] DEBUG c.g.j.h.internal.HbsParserFactory - Building AST
2023-10-19 22:30:45.806 [Test worker] DEBUG c.g.j.h.internal.HbsParserFactory - Applying Mustache spec
2023-10-19 22:30:45.806 [Test worker] DEBUG c.g.j.h.internal.HbsParserFactory - Creating templates
2023-10-19 22:30:45.807 [Test worker] DEBUG c.g.j.h.internal.HbsParserFactory - About to parse: /handlebars/htmlDocs2/sample_php.mustache
2023-10-19 22:30:45.807 [Test worker] DEBUG c.g.j.h.internal.HbsParserFactory - Building AST
2023-10-19 22:30:45.808 [Test worker] DEBUG c.g.j.h.internal.HbsParserFactory - Applying Mustache spec
2023-10-19 22:30:45.808 [Test worker] DEBUG c.g.j.h.internal.HbsParserFactory - Creating templates
2023-10-19 22:30:45.808 [Test worker] DEBUG c.g.j.h.internal.HbsParserFactory - About to parse: /handlebars/htmlDocs2/sample_perl.mustache
2023-10-19 22:30:45.809 [Test worker] DEBUG c.g.j.h.internal.HbsParserFactory - Building AST
2023-10-19 22:30:45.810 [Test worker] DEBUG c.g.j.h.internal.HbsParserFactory - Applying Mustache spec
2023-10-19 22:30:45.810 [Test worker] DEBUG c.g.j.h.internal.HbsParserFactory - Creating templates
2023-10-19 22:30:45.811 [Test worker] DEBUG c.g.j.h.internal.HbsParserFactory - About to parse: /handlebars/htmlDocs2/sample_python.mustache
2023-10-19 22:30:45.811 [Test worker] DEBUG c.g.j.h.internal.HbsParserFactory - Building AST
2023-10-19 22:30:45.813 [Test worker] DEBUG c.g.j.h.internal.HbsParserFactory - Applying Mustache spec
2023-10-19 22:30:45.813 [Test worker] DEBUG c.g.j.h.internal.HbsParserFactory - Creating templates
2023-10-19 22:30:45.813 [Test worker] DEBUG c.g.j.h.internal.HbsParserFactory - About to parse: /handlebars/htmlDocs2/paramB.mustache
2023-10-19 22:30:45.813 [Test worker] DEBUG c.g.j.h.internal.HbsParserFactory - Building AST
2023-10-19 22:30:45.814 [Test worker] DEBUG c.g.j.h.internal.HbsParserFactory - Applying Mustache spec
2023-10-19 22:30:45.814 [Test worker] DEBUG c.g.j.h.internal.HbsParserFactory - Creating templates
2023-10-19 22:30:45.816 [Test worker] DEBUG c.g.j.h.internal.HbsParserFactory - About to parse: /handlebars/htmlDocs2/js_jsonformatter.mustache
2023-10-19 22:30:45.824 [Test worker] DEBUG c.g.j.h.internal.HbsParserFactory - Building AST
2023-10-19 22:30:45.825 [Test worker] DEBUG c.g.j.h.internal.HbsParserFactory - Applying Mustache spec
2023-10-19 22:30:45.826 [Test worker] DEBUG c.g.j.h.internal.HbsParserFactory - Creating templates
2023-10-19 22:30:45.827 [Test worker] DEBUG c.g.j.h.internal.HbsParserFactory - About to parse: /handlebars/htmlDocs2/js_jsonschemaview.mustache
2023-10-19 22:30:45.833 [Test worker] DEBUG c.g.j.h.internal.HbsParserFactory - Building AST
2023-10-19 22:30:45.841 [Test worker] DEBUG c.g.j.h.internal.HbsParserFactory - Applying Mustache spec
2023-10-19 22:30:45.841 [Test worker] DEBUG c.g.j.h.internal.HbsParserFactory - Creating templates
2023-10-19 22:30:45.842 [Test worker] DEBUG c.g.j.h.internal.HbsParserFactory - About to parse: /handlebars/htmlDocs2/js_json_schema_ref_parser.mustache
2023-10-19 22:30:45.845 [Test worker] DEBUG c.g.j.h.internal.HbsParserFactory - Building AST
2023-10-19 22:30:45.850 [Test worker] DEBUG c.g.j.h.internal.HbsParserFactory - Applying Mustache spec
2023-10-19 22:30:45.851 [Test worker] DEBUG c.g.j.h.internal.HbsParserFactory - Creating templates
2023-10-19 22:30:45.851 [Test worker] DEBUG c.g.j.h.internal.HbsParserFactory - About to parse: /handlebars/htmlDocs2/js_json_stringify_safe.mustache
2023-10-19 22:30:45.851 [Test worker] DEBUG c.g.j.h.internal.HbsParserFactory - Building AST
2023-10-19 22:30:45.851 [Test worker] DEBUG c.g.j.h.internal.HbsParserFactory - Applying Mustache spec
2023-10-19 22:30:45.851 [Test worker] DEBUG c.g.j.h.internal.HbsParserFactory - Creating templates
2023-10-19 22:30:45.852 [Test worker] DEBUG c.g.j.h.internal.HbsParserFactory - About to parse: /handlebars/htmlDocs2/js_webfontloader.mustache
2023-10-19 22:30:45.852 [Test worker] DEBUG c.g.j.h.internal.HbsParserFactory - Building AST
2023-10-19 22:30:45.853 [Test worker] DEBUG c.g.j.h.internal.HbsParserFactory - Applying Mustache spec
2023-10-19 22:30:45.853 [Test worker] DEBUG c.g.j.h.internal.HbsParserFactory - Creating templates
2023-10-19 22:30:45.853 [Test worker] INFO  i.s.codegen.v3.AbstractGenerator - writing file docs/index.html
2023-10-19 22:30:45.854 [Test worker] INFO  i.s.codegen.v3.AbstractGenerator - writing file docs/.swagger-codegen/VERSION
2023-10-19 22:30:45.920 [DefaultDispatcher-worker-1 @request#2] TRACE io.ktor.routing.Routing - Trace for [password, Get, ]
/, segment:0 -> SUCCESS @ /
  /openapi, segment:0 -> FAILURE "Selector didn't match" @ /openapi
  /(authenticate "default"), segment:0 -> SUCCESS @ /(authenticate "default")
    /(authenticate "default")/storage, segment:0 -> FAILURE "Selector didn't match" @ /(authenticate "default")/storage
  /password, segment:1 -> SUCCESS @ /password
    /password/Get, segment:2 -> SUCCESS @ /password/Get
      /password/Get/{len?}, segment:3 -> SUCCESS @ /password/Get/{len?}
        /password/Get/{len?}/{digits?}, segment:3 -> SUCCESS @ /password/Get/{len?}/{digits?}
          /password/Get/{len?}/{digits?}/{case?}, segment:3 -> SUCCESS @ /password/Get/{len?}/{digits?}/{case?}
            /password/Get/{len?}/{digits?}/{case?}/{specialChars?}, segment:3 -> SUCCESS @ /password/Get/{len?}/{digits?}/{case?}/{specialChars?}
              /password/Get/{len?}/{digits?}/{case?}/{specialChars?}/(method:GET), segment:3 -> SUCCESS @ /password/Get/{len?}/{digits?}/{case?}/{specialChars?}/(method:GET)
  /passKey, segment:0 -> FAILURE "Selector didn't match" @ /passKey
  /virusChecker, segment:0 -> FAILURE "Selector didn't match" @ /virusChecker
  /swagger, segment:0 -> FAILURE "Selector didn't match" @ /swagger
Matched routes:
  "" -> "password" -> "Get" -> "{len?}" -> "{digits?}" -> "{case?}" -> "{specialChars?}" -> "(method:GET)"
Route resolve result:
  SUCCESS @ /password/Get/{len?}/{digits?}/{case?}/{specialChars?}/(method:GET)
2023-10-19 22:30:45.923 [DefaultDispatcher-worker-1 @request#2] TRACE i.k.s.p.c.ContentNegotiation - Skipping because body is already converted.
2023-10-19 22:30:45.937 [Test worker] INFO  ktor.test - No ktor.deployment.watch patterns specified, automatic reload is not active.
2023-10-19 22:30:45.937 [Test worker] INFO  ktor.test - Application started in 0.0 seconds.
2023-10-19 22:30:45.949 [Test worker] TRACE i.s.c.v.g.DefaultCodegenConfig - camelize start - security_tools_api
2023-10-19 22:30:45.949 [Test worker] TRACE i.s.c.v.g.DefaultCodegenConfig - camelize end - security_tools_api (new: SecurityToolsApi)
2023-10-19 22:30:45.950 [Test worker] TRACE i.s.c.v.g.DefaultCodegenConfig - camelize start - principal
2023-10-19 22:30:45.950 [Test worker] TRACE i.s.c.v.g.DefaultCodegenConfig - camelize end - principal (new: Principal)
2023-10-19 22:30:45.950 [Test worker] TRACE i.s.c.v.g.DefaultCodegenConfig - camelize start - principal
2023-10-19 22:30:45.950 [Test worker] TRACE i.s.c.v.g.DefaultCodegenConfig - camelize end - principal (new: Principal)
2023-10-19 22:30:45.950 [Test worker] TRACE i.s.c.v.g.DefaultCodegenConfig - camelize start - principal
2023-10-19 22:30:45.950 [Test worker] TRACE i.s.c.v.g.DefaultCodegenConfig - camelize end - principal (new: Principal)
2023-10-19 22:30:45.950 [Test worker] TRACE i.s.c.v.g.DefaultCodegenConfig - camelize start - clientId
2023-10-19 22:30:45.950 [Test worker] TRACE i.s.c.v.g.DefaultCodegenConfig - camelize end - clientId (new: ClientId)
2023-10-19 22:30:45.950 [Test worker] TRACE i.s.c.v.g.DefaultCodegenConfig - camelize start - clientId
2023-10-19 22:30:45.950 [Test worker] TRACE i.s.c.v.g.DefaultCodegenConfig - camelize end - clientId (new: ClientId)
2023-10-19 22:30:45.950 [Test worker] TRACE i.s.c.v.g.DefaultCodegenConfig - camelize start - clientId
2023-10-19 22:30:45.950 [Test worker] TRACE i.s.c.v.g.DefaultCodegenConfig - camelize end - clientId (new: ClientId)
2023-10-19 22:30:45.951 [Test worker] WARN  i.s.c.v.g.DefaultCodegenConfig - Empty operationId found for path: post /storage/Submit. Renamed to auto-generated operationId: storageSubmitPost
2023-10-19 22:30:45.951 [Test worker] TRACE i.s.c.v.g.DefaultCodegenConfig - camelize start - principal
2023-10-19 22:30:45.951 [Test worker] TRACE i.s.c.v.g.DefaultCodegenConfig - camelize end - principal (new: Principal)
2023-10-19 22:30:45.951 [Test worker] TRACE i.s.c.v.g.DefaultCodegenConfig - camelize start - principal
2023-10-19 22:30:45.951 [Test worker] TRACE i.s.c.v.g.DefaultCodegenConfig - camelize end - principal (new: Principal)
2023-10-19 22:30:45.951 [Test worker] TRACE i.s.c.v.g.DefaultCodegenConfig - camelize start - principal
2023-10-19 22:30:45.951 [Test worker] TRACE i.s.c.v.g.DefaultCodegenConfig - camelize end - principal (new: Principal)
2023-10-19 22:30:45.951 [Test worker] TRACE i.s.c.v.g.DefaultCodegenConfig - camelize start - clientId
2023-10-19 22:30:45.952 [Test worker] TRACE i.s.c.v.g.DefaultCodegenConfig - camelize end - clientId (new: ClientId)
2023-10-19 22:30:45.952 [Test worker] TRACE i.s.c.v.g.DefaultCodegenConfig - camelize start - clientId
2023-10-19 22:30:45.952 [Test worker] TRACE i.s.c.v.g.DefaultCodegenConfig - camelize end - clientId (new: ClientId)
2023-10-19 22:30:45.952 [Test worker] TRACE i.s.c.v.g.DefaultCodegenConfig - camelize start - clientId
2023-10-19 22:30:45.952 [Test worker] TRACE i.s.c.v.g.DefaultCodegenConfig - camelize end - clientId (new: ClientId)
2023-10-19 22:30:45.952 [Test worker] TRACE i.s.c.v.g.DefaultCodegenConfig - camelize start - default
2023-10-19 22:30:45.952 [Test worker] TRACE i.s.c.v.g.DefaultCodegenConfig - camelize end - default (new: Default)
2023-10-19 22:30:45.952 [Test worker] TRACE i.s.c.v.g.DefaultCodegenConfig - camelize start - storageSubmitPost
2023-10-19 22:30:45.952 [Test worker] TRACE i.s.c.v.g.DefaultCodegenConfig - camelize end - storageSubmitPost (new: StorageSubmitPost)
2023-10-19 22:30:45.952 [Test worker] WARN  i.s.c.v.g.DefaultCodegenConfig - Empty operationId found for path: get /storage/Get/{file_name}. Renamed to auto-generated operationId: storageGetFile_nameGet
2023-10-19 22:30:45.952 [Test worker] TRACE i.s.c.v.g.DefaultCodegenConfig - camelize start - Client ID
2023-10-19 22:30:45.953 [Test worker] TRACE i.s.c.v.g.DefaultCodegenConfig - camelize end - Client ID (new: Client ID)
2023-10-19 22:30:45.953 [Test worker] TRACE i.s.c.v.g.DefaultCodegenConfig - camelize start - Client ID
2023-10-19 22:30:45.953 [Test worker] TRACE i.s.c.v.g.DefaultCodegenConfig - camelize end - Client ID (new: Client ID)
2023-10-19 22:30:45.953 [Test worker] TRACE i.s.c.v.g.DefaultCodegenConfig - camelize start - Client ID
2023-10-19 22:30:45.953 [Test worker] TRACE i.s.c.v.g.DefaultCodegenConfig - camelize end - Client ID (new: Client ID)
2023-10-19 22:30:45.953 [Test worker] TRACE i.s.c.v.g.DefaultCodegenConfig - camelize start - file_name
2023-10-19 22:30:45.953 [Test worker] TRACE i.s.c.v.g.DefaultCodegenConfig - camelize end - file_name (new: FileName)
2023-10-19 22:30:45.953 [Test worker] TRACE i.s.c.v.g.DefaultCodegenConfig - camelize start - file_name
2023-10-19 22:30:45.953 [Test worker] TRACE i.s.c.v.g.DefaultCodegenConfig - camelize end - file_name (new: FileName)
2023-10-19 22:30:45.953 [Test worker] TRACE i.s.c.v.g.DefaultCodegenConfig - camelize start - file_name
2023-10-19 22:30:45.953 [Test worker] TRACE i.s.c.v.g.DefaultCodegenConfig - camelize end - file_name (new: FileName)
2023-10-19 22:30:45.953 [Test worker] TRACE i.s.c.v.g.DefaultCodegenConfig - camelize start - default
2023-10-19 22:30:45.953 [Test worker] TRACE i.s.c.v.g.DefaultCodegenConfig - camelize end - default (new: Default)
2023-10-19 22:30:45.953 [Test worker] TRACE i.s.c.v.g.DefaultCodegenConfig - camelize start - storageGetFileNameGet
2023-10-19 22:30:45.953 [Test worker] TRACE i.s.c.v.g.DefaultCodegenConfig - camelize end - storageGetFileNameGet (new: StorageGetFileNameGet)
2023-10-19 22:30:45.953 [Test worker] WARN  i.s.c.v.g.DefaultCodegenConfig - Empty operationId found for path: get /storage/Delete. Renamed to auto-generated operationId: storageDeleteGet
2023-10-19 22:30:45.953 [Test worker] TRACE i.s.c.v.g.DefaultCodegenConfig - camelize start - Client ID
2023-10-19 22:30:45.953 [Test worker] TRACE i.s.c.v.g.DefaultCodegenConfig - camelize end - Client ID (new: Client ID)
2023-10-19 22:30:45.953 [Test worker] TRACE i.s.c.v.g.DefaultCodegenConfig - camelize start - Client ID
2023-10-19 22:30:45.953 [Test worker] TRACE i.s.c.v.g.DefaultCodegenConfig - camelize end - Client ID (new: Client ID)
2023-10-19 22:30:45.954 [Test worker] TRACE i.s.c.v.g.DefaultCodegenConfig - camelize start - Client ID
2023-10-19 22:30:45.954 [Test worker] TRACE i.s.c.v.g.DefaultCodegenConfig - camelize end - Client ID (new: Client ID)
2023-10-19 22:30:45.954 [Test worker] TRACE i.s.c.v.g.DefaultCodegenConfig - camelize start - default
2023-10-19 22:30:45.954 [Test worker] TRACE i.s.c.v.g.DefaultCodegenConfig - camelize end - default (new: Default)
2023-10-19 22:30:45.954 [Test worker] TRACE i.s.c.v.g.DefaultCodegenConfig - camelize start - storageDeleteGet
2023-10-19 22:30:45.954 [Test worker] TRACE i.s.c.v.g.DefaultCodegenConfig - camelize end - storageDeleteGet (new: StorageDeleteGet)
2023-10-19 22:30:45.954 [Test worker] WARN  i.s.c.v.g.DefaultCodegenConfig - Empty operationId found for path: get /password/Get/{len?}/{digits?}/{case?}/{specialChars?}. Renamed to auto-generated operationId: passwordGetLenDigitsCaseSpecialCharsGet
2023-10-19 22:30:45.954 [Test worker] TRACE i.s.c.v.g.DefaultCodegenConfig - camelize start - len
2023-10-19 22:30:45.954 [Test worker] TRACE i.s.c.v.g.DefaultCodegenConfig - camelize end - len (new: Len)
2023-10-19 22:30:45.954 [Test worker] TRACE i.s.c.v.g.DefaultCodegenConfig - camelize start - len
2023-10-19 22:30:45.954 [Test worker] TRACE i.s.c.v.g.DefaultCodegenConfig - camelize end - len (new: Len)
2023-10-19 22:30:45.954 [Test worker] TRACE i.s.c.v.g.DefaultCodegenConfig - camelize start - len
2023-10-19 22:30:45.954 [Test worker] TRACE i.s.c.v.g.DefaultCodegenConfig - camelize end - len (new: Len)
2023-10-19 22:30:45.954 [Test worker] DEBUG i.s.c.v.g.DefaultCodegenConfig - Property type is not primitive: int64
2023-10-19 22:30:45.954 [Test worker] TRACE i.s.c.v.g.DefaultCodegenConfig - camelize start - digits
2023-10-19 22:30:45.954 [Test worker] TRACE i.s.c.v.g.DefaultCodegenConfig - camelize end - digits (new: Digits)
2023-10-19 22:30:45.954 [Test worker] TRACE i.s.c.v.g.DefaultCodegenConfig - camelize start - digits
2023-10-19 22:30:45.954 [Test worker] TRACE i.s.c.v.g.DefaultCodegenConfig - camelize end - digits (new: Digits)
2023-10-19 22:30:45.954 [Test worker] TRACE i.s.c.v.g.DefaultCodegenConfig - camelize start - digits
2023-10-19 22:30:45.954 [Test worker] TRACE i.s.c.v.g.DefaultCodegenConfig - camelize end - digits (new: Digits)
2023-10-19 22:30:45.954 [Test worker] TRACE i.s.c.v.g.DefaultCodegenConfig - camelize start - digits
2023-10-19 22:30:45.955 [Test worker] TRACE i.s.c.v.g.DefaultCodegenConfig - camelize end - digits (new: Digits)
2023-10-19 22:30:45.955 [Test worker] TRACE i.s.c.v.g.DefaultCodegenConfig - camelize start - case
2023-10-19 22:30:45.955 [Test worker] TRACE i.s.c.v.g.DefaultCodegenConfig - camelize end - case (new: Case)
2023-10-19 22:30:45.955 [Test worker] TRACE i.s.c.v.g.DefaultCodegenConfig - camelize start - case
2023-10-19 22:30:45.955 [Test worker] TRACE i.s.c.v.g.DefaultCodegenConfig - camelize end - case (new: Case)
2023-10-19 22:30:45.955 [Test worker] TRACE i.s.c.v.g.DefaultCodegenConfig - camelize start - case
2023-10-19 22:30:45.955 [Test worker] TRACE i.s.c.v.g.DefaultCodegenConfig - camelize end - case (new: Case)
2023-10-19 22:30:45.955 [Test worker] TRACE i.s.c.v.g.DefaultCodegenConfig - camelize start - case
2023-10-19 22:30:45.956 [Test worker] TRACE i.s.c.v.g.DefaultCodegenConfig - camelize end - case (new: Case)
2023-10-19 22:30:45.956 [Test worker] TRACE i.s.c.v.g.DefaultCodegenConfig - camelize start - specialChars
2023-10-19 22:30:45.956 [Test worker] TRACE i.s.c.v.g.DefaultCodegenConfig - camelize end - specialChars (new: SpecialChars)
2023-10-19 22:30:45.956 [Test worker] TRACE i.s.c.v.g.DefaultCodegenConfig - camelize start - specialChars
2023-10-19 22:30:45.956 [Test worker] TRACE i.s.c.v.g.DefaultCodegenConfig - camelize end - specialChars (new: SpecialChars)
2023-10-19 22:30:45.956 [Test worker] TRACE i.s.c.v.g.DefaultCodegenConfig - camelize start - specialChars
2023-10-19 22:30:45.956 [Test worker] TRACE i.s.c.v.g.DefaultCodegenConfig - camelize end - specialChars (new: SpecialChars)
2023-10-19 22:30:45.956 [Test worker] TRACE i.s.c.v.g.DefaultCodegenConfig - camelize start - specialChars
2023-10-19 22:30:45.956 [Test worker] TRACE i.s.c.v.g.DefaultCodegenConfig - camelize end - specialChars (new: SpecialChars)
2023-10-19 22:30:45.956 [Test worker] TRACE i.s.c.v.g.DefaultCodegenConfig - camelize start - default
2023-10-19 22:30:45.956 [Test worker] TRACE i.s.c.v.g.DefaultCodegenConfig - camelize end - default (new: Default)
2023-10-19 22:30:45.956 [Test worker] TRACE i.s.c.v.g.DefaultCodegenConfig - camelize start - passwordGetLenDigitsCaseSpecialCharsGet
2023-10-19 22:30:45.956 [Test worker] TRACE i.s.c.v.g.DefaultCodegenConfig - camelize end - passwordGetLenDigitsCaseSpecialCharsGet (new: PasswordGetLenDigitsCaseSpecialCharsGet)
2023-10-19 22:30:45.956 [Test worker] WARN  i.s.c.v.g.DefaultCodegenConfig - Empty operationId found for path: get /passKey/Get/{len?}/{password?}/{salt?}. Renamed to auto-generated operationId: passKeyGetLenPasswordSaltGet
2023-10-19 22:30:45.956 [Test worker] TRACE i.s.c.v.g.DefaultCodegenConfig - camelize start - len
2023-10-19 22:30:45.956 [Test worker] TRACE i.s.c.v.g.DefaultCodegenConfig - camelize end - len (new: Len)
2023-10-19 22:30:45.956 [Test worker] TRACE i.s.c.v.g.DefaultCodegenConfig - camelize start - len
2023-10-19 22:30:45.956 [Test worker] TRACE i.s.c.v.g.DefaultCodegenConfig - camelize end - len (new: Len)
2023-10-19 22:30:45.956 [Test worker] TRACE i.s.c.v.g.DefaultCodegenConfig - camelize start - len
2023-10-19 22:30:45.956 [Test worker] TRACE i.s.c.v.g.DefaultCodegenConfig - camelize end - len (new: Len)
2023-10-19 22:30:45.956 [Test worker] DEBUG i.s.c.v.g.DefaultCodegenConfig - Property type is not primitive: int64
2023-10-19 22:30:45.957 [Test worker] TRACE i.s.c.v.g.DefaultCodegenConfig - camelize start - password
2023-10-19 22:30:45.957 [Test worker] TRACE i.s.c.v.g.DefaultCodegenConfig - camelize end - password (new: Password)
2023-10-19 22:30:45.957 [Test worker] TRACE i.s.c.v.g.DefaultCodegenConfig - camelize start - password
2023-10-19 22:30:45.957 [Test worker] TRACE i.s.c.v.g.DefaultCodegenConfig - camelize end - password (new: Password)
2023-10-19 22:30:45.957 [Test worker] TRACE i.s.c.v.g.DefaultCodegenConfig - camelize start - password
2023-10-19 22:30:45.957 [Test worker] TRACE i.s.c.v.g.DefaultCodegenConfig - camelize end - password (new: Password)
2023-10-19 22:30:45.957 [Test worker] TRACE i.s.c.v.g.DefaultCodegenConfig - camelize start - password
2023-10-19 22:30:45.957 [Test worker] TRACE i.s.c.v.g.DefaultCodegenConfig - camelize end - password (new: Password)
2023-10-19 22:30:45.957 [Test worker] TRACE i.s.c.v.g.DefaultCodegenConfig - camelize start - salt
2023-10-19 22:30:45.957 [Test worker] TRACE i.s.c.v.g.DefaultCodegenConfig - camelize end - salt (new: Salt)
2023-10-19 22:30:45.957 [Test worker] TRACE i.s.c.v.g.DefaultCodegenConfig - camelize start - salt
2023-10-19 22:30:45.957 [Test worker] TRACE i.s.c.v.g.DefaultCodegenConfig - camelize end - salt (new: Salt)
2023-10-19 22:30:45.957 [Test worker] TRACE i.s.c.v.g.DefaultCodegenConfig - camelize start - salt
2023-10-19 22:30:45.957 [Test worker] TRACE i.s.c.v.g.DefaultCodegenConfig - camelize end - salt (new: Salt)
2023-10-19 22:30:45.957 [Test worker] TRACE i.s.c.v.g.DefaultCodegenConfig - camelize start - salt
2023-10-19 22:30:45.957 [Test worker] TRACE i.s.c.v.g.DefaultCodegenConfig - camelize end - salt (new: Salt)
2023-10-19 22:30:45.957 [Test worker] TRACE i.s.c.v.g.DefaultCodegenConfig - camelize start - default
2023-10-19 22:30:45.957 [Test worker] TRACE i.s.c.v.g.DefaultCodegenConfig - camelize end - default (new: Default)
2023-10-19 22:30:45.957 [Test worker] TRACE i.s.c.v.g.DefaultCodegenConfig - camelize start - passKeyGetLenPasswordSaltGet
2023-10-19 22:30:45.957 [Test worker] TRACE i.s.c.v.g.DefaultCodegenConfig - camelize end - passKeyGetLenPasswordSaltGet (new: PassKeyGetLenPasswordSaltGet)
2023-10-19 22:30:45.958 [Test worker] WARN  i.s.c.v.g.DefaultCodegenConfig - Empty operationId found for path: post /virusChecker/. Renamed to auto-generated operationId: virusCheckerPost
2023-10-19 22:30:45.958 [Test worker] TRACE i.s.c.v.g.DefaultCodegenConfig - camelize start - default
2023-10-19 22:30:45.958 [Test worker] TRACE i.s.c.v.g.DefaultCodegenConfig - camelize end - default (new: Default)
2023-10-19 22:30:45.958 [Test worker] TRACE i.s.c.v.g.DefaultCodegenConfig - camelize start - virusCheckerPost
2023-10-19 22:30:45.958 [Test worker] TRACE i.s.c.v.g.DefaultCodegenConfig - camelize end - virusCheckerPost (new: VirusCheckerPost)
2023-10-19 22:30:45.959 [Test worker] DEBUG c.g.j.h.internal.HbsParserFactory - About to parse: /handlebars/htmlDocs2/index.mustache
2023-10-19 22:30:45.959 [Test worker] DEBUG c.g.j.h.internal.HbsParserFactory - Building AST
2023-10-19 22:30:45.966 [Test worker] DEBUG c.g.j.h.internal.HbsParserFactory - Applying Mustache spec
2023-10-19 22:30:45.967 [Test worker] DEBUG c.g.j.h.internal.HbsParserFactory - Creating templates
2023-10-19 22:30:45.969 [Test worker] DEBUG c.g.j.h.internal.HbsParserFactory - About to parse: /handlebars/htmlDocs2/js_jquery.mustache
2023-10-19 22:30:45.971 [Test worker] DEBUG c.g.j.h.internal.HbsParserFactory - Building AST
2023-10-19 22:30:45.973 [Test worker] DEBUG c.g.j.h.internal.HbsParserFactory - Applying Mustache spec
2023-10-19 22:30:45.973 [Test worker] DEBUG c.g.j.h.internal.HbsParserFactory - Creating templates
2023-10-19 22:30:45.974 [Test worker] DEBUG c.g.j.h.internal.HbsParserFactory - About to parse: /handlebars/htmlDocs2/js_prettify.mustache
2023-10-19 22:30:45.974 [Test worker] DEBUG c.g.j.h.internal.HbsParserFactory - Building AST
2023-10-19 22:30:45.975 [Test worker] DEBUG c.g.j.h.internal.HbsParserFactory - Applying Mustache spec
2023-10-19 22:30:45.975 [Test worker] DEBUG c.g.j.h.internal.HbsParserFactory - Creating templates
2023-10-19 22:30:45.975 [Test worker] DEBUG c.g.j.h.internal.HbsParserFactory - About to parse: /handlebars/htmlDocs2/js_bootstrap.mustache
2023-10-19 22:30:45.976 [Test worker] DEBUG c.g.j.h.internal.HbsParserFactory - Building AST
2023-10-19 22:30:45.976 [Test worker] DEBUG c.g.j.h.internal.HbsParserFactory - Applying Mustache spec
2023-10-19 22:30:45.976 [Test worker] DEBUG c.g.j.h.internal.HbsParserFactory - Creating templates
2023-10-19 22:30:45.977 [Test worker] DEBUG c.g.j.h.internal.HbsParserFactory - About to parse: /handlebars/htmlDocs2/marked.mustache
2023-10-19 22:30:45.980 [Test worker] DEBUG c.g.j.h.internal.HbsParserFactory - Building AST
2023-10-19 22:30:45.981 [Test worker] DEBUG c.g.j.h.internal.HbsParserFactory - Applying Mustache spec
2023-10-19 22:30:45.981 [Test worker] DEBUG c.g.j.h.internal.HbsParserFactory - Creating templates
2023-10-19 22:30:45.982 [Test worker] DEBUG c.g.j.h.internal.HbsParserFactory - About to parse: /handlebars/htmlDocs2/css_bootstrap.mustache
2023-10-19 22:30:45.984 [Test worker] DEBUG c.g.j.h.internal.HbsParserFactory - Building AST
2023-10-19 22:30:45.987 [Test worker] DEBUG c.g.j.h.internal.HbsParserFactory - Applying Mustache spec
2023-10-19 22:30:45.987 [Test worker] DEBUG c.g.j.h.internal.HbsParserFactory - Creating templates
2023-10-19 22:30:45.987 [Test worker] DEBUG c.g.j.h.internal.HbsParserFactory - About to parse: /handlebars/htmlDocs2/css_prettify.mustache
2023-10-19 22:30:45.987 [Test worker] DEBUG c.g.j.h.internal.HbsParserFactory - Building AST
2023-10-19 22:30:45.987 [Test worker] DEBUG c.g.j.h.internal.HbsParserFactory - Applying Mustache spec
2023-10-19 22:30:45.987 [Test worker] DEBUG c.g.j.h.internal.HbsParserFactory - Creating templates
2023-10-19 22:30:45.988 [Test worker] DEBUG c.g.j.h.internal.HbsParserFactory - About to parse: /handlebars/htmlDocs2/styles.mustache
2023-10-19 22:30:45.988 [Test worker] DEBUG c.g.j.h.internal.HbsParserFactory - Building AST
2023-10-19 22:30:45.989 [Test worker] DEBUG c.g.j.h.internal.HbsParserFactory - Applying Mustache spec
2023-10-19 22:30:45.989 [Test worker] DEBUG c.g.j.h.internal.HbsParserFactory - Creating templates
2023-10-19 22:30:45.991 [Test worker] DEBUG c.g.j.h.internal.HbsParserFactory - About to parse: /handlebars/htmlDocs2/sample_java.mustache
2023-10-19 22:30:45.991 [Test worker] DEBUG c.g.j.h.internal.HbsParserFactory - Building AST
2023-10-19 22:30:45.992 [Test worker] DEBUG c.g.j.h.internal.HbsParserFactory - Applying Mustache spec
2023-10-19 22:30:45.992 [Test worker] DEBUG c.g.j.h.internal.HbsParserFactory - Creating templates
2023-10-19 22:30:45.993 [Test worker] DEBUG c.g.j.h.internal.HbsParserFactory - About to parse: /handlebars/htmlDocs2/sample_android.mustache
2023-10-19 22:30:45.993 [Test worker] DEBUG c.g.j.h.internal.HbsParserFactory - Building AST
2023-10-19 22:30:45.993 [Test worker] DEBUG c.g.j.h.internal.HbsParserFactory - Applying Mustache spec
2023-10-19 22:30:45.994 [Test worker] DEBUG c.g.j.h.internal.HbsParserFactory - Creating templates
2023-10-19 22:30:45.994 [Test worker] DEBUG c.g.j.h.internal.HbsParserFactory - About to parse: /handlebars/htmlDocs2/sample_objc.mustache
2023-10-19 22:30:45.994 [Test worker] DEBUG c.g.j.h.internal.HbsParserFactory - Building AST
2023-10-19 22:30:45.996 [Test worker] DEBUG c.g.j.h.internal.HbsParserFactory - Applying Mustache spec
2023-10-19 22:30:45.996 [Test worker] DEBUG c.g.j.h.internal.HbsParserFactory - Creating templates
2023-10-19 22:30:45.997 [Test worker] DEBUG c.g.j.h.internal.HbsParserFactory - About to parse: /handlebars/htmlDocs2/sample_js.mustache
2023-10-19 22:30:45.997 [Test worker] DEBUG c.g.j.h.internal.HbsParserFactory - Building AST
2023-10-19 22:30:45.999 [Test worker] DEBUG c.g.j.h.internal.HbsParserFactory - Applying Mustache spec
2023-10-19 22:30:45.999 [Test worker] DEBUG c.g.j.h.internal.HbsParserFactory - Creating templates
2023-10-19 22:30:46.000 [Test worker] DEBUG c.g.j.h.internal.HbsParserFactory - About to parse: /handlebars/htmlDocs2/sample_csharp.mustache
2023-10-19 22:30:46.000 [Test worker] DEBUG c.g.j.h.internal.HbsParserFactory - Building AST
2023-10-19 22:30:46.002 [Test worker] DEBUG c.g.j.h.internal.HbsParserFactory - Applying Mustache spec
2023-10-19 22:30:46.002 [Test worker] DEBUG c.g.j.h.internal.HbsParserFactory - Creating templates
2023-10-19 22:30:46.003 [Test worker] DEBUG c.g.j.h.internal.HbsParserFactory - About to parse: /handlebars/htmlDocs2/sample_php.mustache
2023-10-19 22:30:46.003 [Test worker] DEBUG c.g.j.h.internal.HbsParserFactory - Building AST
2023-10-19 22:30:46.004 [Test worker] DEBUG c.g.j.h.internal.HbsParserFactory - Applying Mustache spec
2023-10-19 22:30:46.004 [Test worker] DEBUG c.g.j.h.internal.HbsParserFactory - Creating templates
2023-10-19 22:30:46.005 [Test worker] DEBUG c.g.j.h.internal.HbsParserFactory - About to parse: /handlebars/htmlDocs2/sample_perl.mustache
2023-10-19 22:30:46.005 [Test worker] DEBUG c.g.j.h.internal.HbsParserFactory - Building AST
2023-10-19 22:30:46.007 [Test worker] DEBUG c.g.j.h.internal.HbsParserFactory - Applying Mustache spec
2023-10-19 22:30:46.007 [Test worker] DEBUG c.g.j.h.internal.HbsParserFactory - Creating templates
2023-10-19 22:30:46.008 [Test worker] DEBUG c.g.j.h.internal.HbsParserFactory - About to parse: /handlebars/htmlDocs2/sample_python.mustache
2023-10-19 22:30:46.008 [Test worker] DEBUG c.g.j.h.internal.HbsParserFactory - Building AST
2023-10-19 22:30:46.009 [Test worker] DEBUG c.g.j.h.internal.HbsParserFactory - Applying Mustache spec
2023-10-19 22:30:46.009 [Test worker] DEBUG c.g.j.h.internal.HbsParserFactory - Creating templates
2023-10-19 22:30:46.011 [Test worker] DEBUG c.g.j.h.internal.HbsParserFactory - About to parse: /handlebars/htmlDocs2/param.mustache
2023-10-19 22:30:46.011 [Test worker] DEBUG c.g.j.h.internal.HbsParserFactory - Building AST
2023-10-19 22:30:46.012 [Test worker] DEBUG c.g.j.h.internal.HbsParserFactory - Applying Mustache spec
2023-10-19 22:30:46.012 [Test worker] DEBUG c.g.j.h.internal.HbsParserFactory - Creating templates
2023-10-19 22:30:46.012 [Test worker] DEBUG c.g.j.h.internal.HbsParserFactory - About to parse: /handlebars/htmlDocs2/param.mustache
2023-10-19 22:30:46.012 [Test worker] DEBUG c.g.j.h.internal.HbsParserFactory - Building AST
2023-10-19 22:30:46.013 [Test worker] DEBUG c.g.j.h.internal.HbsParserFactory - Applying Mustache spec
2023-10-19 22:30:46.013 [Test worker] DEBUG c.g.j.h.internal.HbsParserFactory - Creating templates
2023-10-19 22:30:46.013 [Test worker] DEBUG c.g.j.h.internal.HbsParserFactory - About to parse: /handlebars/htmlDocs2/param.mustache
2023-10-19 22:30:46.013 [Test worker] DEBUG c.g.j.h.internal.HbsParserFactory - Building AST
2023-10-19 22:30:46.014 [Test worker] DEBUG c.g.j.h.internal.HbsParserFactory - Applying Mustache spec
2023-10-19 22:30:46.014 [Test worker] DEBUG c.g.j.h.internal.HbsParserFactory - Creating templates
2023-10-19 22:30:46.015 [Test worker] DEBUG c.g.j.h.internal.HbsParserFactory - About to parse: /handlebars/htmlDocs2/sample_java.mustache
2023-10-19 22:30:46.015 [Test worker] DEBUG c.g.j.h.internal.HbsParserFactory - Building AST
2023-10-19 22:30:46.017 [Test worker] DEBUG c.g.j.h.internal.HbsParserFactory - Applying Mustache spec
2023-10-19 22:30:46.017 [Test worker] DEBUG c.g.j.h.internal.HbsParserFactory - Creating templates
2023-10-19 22:30:46.018 [Test worker] DEBUG c.g.j.h.internal.HbsParserFactory - About to parse: /handlebars/htmlDocs2/sample_android.mustache
2023-10-19 22:30:46.018 [Test worker] DEBUG c.g.j.h.internal.HbsParserFactory - Building AST
2023-10-19 22:30:46.018 [Test worker] DEBUG c.g.j.h.internal.HbsParserFactory - Applying Mustache spec
2023-10-19 22:30:46.018 [Test worker] DEBUG c.g.j.h.internal.HbsParserFactory - Creating templates
2023-10-19 22:30:46.019 [Test worker] DEBUG c.g.j.h.internal.HbsParserFactory - About to parse: /handlebars/htmlDocs2/sample_objc.mustache
2023-10-19 22:30:46.020 [Test worker] DEBUG c.g.j.h.internal.HbsParserFactory - Building AST
2023-10-19 22:30:46.021 [Test worker] DEBUG c.g.j.h.internal.HbsParserFactory - Applying Mustache spec
2023-10-19 22:30:46.021 [Test worker] DEBUG c.g.j.h.internal.HbsParserFactory - Creating templates
2023-10-19 22:30:46.022 [Test worker] DEBUG c.g.j.h.internal.HbsParserFactory - About to parse: /handlebars/htmlDocs2/sample_js.mustache
2023-10-19 22:30:46.022 [Test worker] DEBUG c.g.j.h.internal.HbsParserFactory - Building AST
2023-10-19 22:30:46.024 [Test worker] DEBUG c.g.j.h.internal.HbsParserFactory - Applying Mustache spec
2023-10-19 22:30:46.025 [Test worker] DEBUG c.g.j.h.internal.HbsParserFactory - Creating templates
2023-10-19 22:30:46.026 [Test worker] DEBUG c.g.j.h.internal.HbsParserFactory - About to parse: /handlebars/htmlDocs2/sample_csharp.mustache
2023-10-19 22:30:46.026 [Test worker] DEBUG c.g.j.h.internal.HbsParserFactory - Building AST
2023-10-19 22:30:46.028 [Test worker] DEBUG c.g.j.h.internal.HbsParserFactory - Applying Mustache spec
2023-10-19 22:30:46.028 [Test worker] DEBUG c.g.j.h.internal.HbsParserFactory - Creating templates
2023-10-19 22:30:46.029 [Test worker] DEBUG c.g.j.h.internal.HbsParserFactory - About to parse: /handlebars/htmlDocs2/sample_php.mustache
2023-10-19 22:30:46.029 [Test worker] DEBUG c.g.j.h.internal.HbsParserFactory - Building AST
2023-10-19 22:30:46.030 [Test worker] DEBUG c.g.j.h.internal.HbsParserFactory - Applying Mustache spec
2023-10-19 22:30:46.030 [Test worker] DEBUG c.g.j.h.internal.HbsParserFactory - Creating templates
2023-10-19 22:30:46.030 [Test worker] DEBUG c.g.j.h.internal.HbsParserFactory - About to parse: /handlebars/htmlDocs2/sample_perl.mustache
2023-10-19 22:30:46.030 [Test worker] DEBUG c.g.j.h.internal.HbsParserFactory - Building AST
2023-10-19 22:30:46.032 [Test worker] DEBUG c.g.j.h.internal.HbsParserFactory - Applying Mustache spec
2023-10-19 22:30:46.032 [Test worker] DEBUG c.g.j.h.internal.HbsParserFactory - Creating templates
2023-10-19 22:30:46.033 [Test worker] DEBUG c.g.j.h.internal.HbsParserFactory - About to parse: /handlebars/htmlDocs2/sample_python.mustache
2023-10-19 22:30:46.033 [Test worker] DEBUG c.g.j.h.internal.HbsParserFactory - Building AST
[...]
2023-10-19 22:30:47.094 [Test worker] DEBUG c.g.j.h.internal.HbsParserFactory - Creating templates
2023-10-19 22:30:47.094 [Test worker] DEBUG c.g.j.h.internal.HbsParserFactory - About to parse: /handlebars/htmlDocs2/sample_android.mustache
2023-10-19 22:30:47.094 [Test worker] DEBUG c.g.j.h.internal.HbsParserFactory - Building AST
2023-10-19 22:30:47.095 [Test worker] DEBUG c.g.j.h.internal.HbsParserFactory - Applying Mustache spec
2023-10-19 22:30:47.095 [Test worker] DEBUG c.g.j.h.internal.HbsParserFactory - Creating templates
2023-10-19 22:30:47.095 [Test worker] DEBUG c.g.j.h.internal.HbsParserFactory - About to parse: /handlebars/htmlDocs2/sample_objc.mustache
2023-10-19 22:30:47.095 [Test worker] DEBUG c.g.j.h.internal.HbsParserFactory - Building AST
2023-10-19 22:30:47.097 [Test worker] DEBUG c.g.j.h.internal.HbsParserFactory - Applying Mustache spec
2023-10-19 22:30:47.097 [Test worker] DEBUG c.g.j.h.internal.HbsParserFactory - Creating templates
2023-10-19 22:30:47.097 [Test worker] DEBUG c.g.j.h.internal.HbsParserFactory - About to parse: /handlebars/htmlDocs2/sample_js.mustache
2023-10-19 22:30:47.097 [Test worker] DEBUG c.g.j.h.internal.HbsParserFactory - Building AST
2023-10-19 22:30:47.099 [Test worker] DEBUG c.g.j.h.internal.HbsParserFactory - Applying Mustache spec
2023-10-19 22:30:47.099 [Test worker] DEBUG c.g.j.h.internal.HbsParserFactory - Creating templates
2023-10-19 22:30:47.100 [Test worker] DEBUG c.g.j.h.internal.HbsParserFactory - About to parse: /handlebars/htmlDocs2/sample_csharp.mustache
2023-10-19 22:30:47.100 [Test worker] DEBUG c.g.j.h.internal.HbsParserFactory - Building AST
2023-10-19 22:30:47.101 [Test worker] DEBUG c.g.j.h.internal.HbsParserFactory - Applying Mustache spec
2023-10-19 22:30:47.101 [Test worker] DEBUG c.g.j.h.internal.HbsParserFactory - Creating templates
2023-10-19 22:30:47.102 [Test worker] DEBUG c.g.j.h.internal.HbsParserFactory - About to parse: /handlebars/htmlDocs2/sample_php.mustache
2023-10-19 22:30:47.102 [Test worker] DEBUG c.g.j.h.internal.HbsParserFactory - Building AST
2023-10-19 22:30:47.103 [Test worker] DEBUG c.g.j.h.internal.HbsParserFactory - Applying Mustache spec
2023-10-19 22:30:47.103 [Test worker] DEBUG c.g.j.h.internal.HbsParserFactory - Creating templates
2023-10-19 22:30:47.103 [Test worker] DEBUG c.g.j.h.internal.HbsParserFactory - About to parse: /handlebars/htmlDocs2/sample_perl.mustache
2023-10-19 22:30:47.103 [Test worker] DEBUG c.g.j.h.internal.HbsParserFactory - Building AST
2023-10-19 22:30:47.105 [Test worker] DEBUG c.g.j.h.internal.HbsParserFactory - Applying Mustache spec
2023-10-19 22:30:47.105 [Test worker] DEBUG c.g.j.h.internal.HbsParserFactory - Creating templates
2023-10-19 22:30:47.105 [Test worker] DEBUG c.g.j.h.internal.HbsParserFactory - About to parse: /handlebars/htmlDocs2/sample_python.mustache
2023-10-19 22:30:47.105 [Test worker] DEBUG c.g.j.h.internal.HbsParserFactory - Building AST
2023-10-19 22:30:47.106 [Test worker] DEBUG c.g.j.h.internal.HbsParserFactory - Applying Mustache spec
2023-10-19 22:30:47.106 [Test worker] DEBUG c.g.j.h.internal.HbsParserFactory - Creating templates
2023-10-19 22:30:47.107 [Test worker] DEBUG c.g.j.h.internal.HbsParserFactory - About to parse: /handlebars/htmlDocs2/param.mustache
2023-10-19 22:30:47.107 [Test worker] DEBUG c.g.j.h.internal.HbsParserFactory - Building AST
2023-10-19 22:30:47.107 [Test worker] DEBUG c.g.j.h.internal.HbsParserFactory - Applying Mustache spec
2023-10-19 22:30:47.107 [Test worker] DEBUG c.g.j.h.internal.HbsParserFactory - Creating templates
2023-10-19 22:30:47.108 [Test worker] DEBUG c.g.j.h.internal.HbsParserFactory - About to parse: /handlebars/htmlDocs2/sample_java.mustache
2023-10-19 22:30:47.108 [Test worker] DEBUG c.g.j.h.internal.HbsParserFactory - Building AST
2023-10-19 22:30:47.109 [Test worker] DEBUG c.g.j.h.internal.HbsParserFactory - Applying Mustache spec
2023-10-19 22:30:47.109 [Test worker] DEBUG c.g.j.h.internal.HbsParserFactory - Creating templates
2023-10-19 22:30:47.109 [Test worker] DEBUG c.g.j.h.internal.HbsParserFactory - About to parse: /handlebars/htmlDocs2/sample_android.mustache
2023-10-19 22:30:47.109 [Test worker] DEBUG c.g.j.h.internal.HbsParserFactory - Building AST
2023-10-19 22:30:47.110 [Test worker] DEBUG c.g.j.h.internal.HbsParserFactory - Applying Mustache spec
2023-10-19 22:30:47.110 [Test worker] DEBUG c.g.j.h.internal.HbsParserFactory - Creating templates
2023-10-19 22:30:47.110 [Test worker] DEBUG c.g.j.h.internal.HbsParserFactory - About to parse: /handlebars/htmlDocs2/sample_objc.mustache
2023-10-19 22:30:47.110 [Test worker] DEBUG c.g.j.h.internal.HbsParserFactory - Building AST
2023-10-19 22:30:47.112 [Test worker] DEBUG c.g.j.h.internal.HbsParserFactory - Applying Mustache spec
2023-10-19 22:30:47.112 [Test worker] DEBUG c.g.j.h.internal.HbsParserFactory - Creating templates
2023-10-19 22:30:47.112 [Test worker] DEBUG c.g.j.h.internal.HbsParserFactory - About to parse: /handlebars/htmlDocs2/sample_js.mustache
2023-10-19 22:30:47.112 [Test worker] DEBUG c.g.j.h.internal.HbsParserFactory - Building AST
2023-10-19 22:30:47.114 [Test worker] DEBUG c.g.j.h.internal.HbsParserFactory - Applying Mustache spec
2023-10-19 22:30:47.115 [Test worker] DEBUG c.g.j.h.internal.HbsParserFactory - Creating templates
2023-10-19 22:30:47.115 [Test worker] DEBUG c.g.j.h.internal.HbsParserFactory - About to parse: /handlebars/htmlDocs2/sample_csharp.mustache
2023-10-19 22:30:47.115 [Test worker] DEBUG c.g.j.h.internal.HbsParserFactory - Building AST
2023-10-19 22:30:47.116 [Test worker] DEBUG c.g.j.h.internal.HbsParserFactory - Applying Mustache spec
2023-10-19 22:30:47.116 [Test worker] DEBUG c.g.j.h.internal.HbsParserFactory - Creating templates
2023-10-19 22:30:47.117 [Test worker] DEBUG c.g.j.h.internal.HbsParserFactory - About to parse: /handlebars/htmlDocs2/sample_php.mustache
2023-10-19 22:30:47.117 [Test worker] DEBUG c.g.j.h.internal.HbsParserFactory - Building AST
2023-10-19 22:30:47.118 [Test worker] DEBUG c.g.j.h.internal.HbsParserFactory - Applying Mustache spec
2023-10-19 22:30:47.118 [Test worker] DEBUG c.g.j.h.internal.HbsParserFactory - Creating templates
2023-10-19 22:30:47.118 [Test worker] DEBUG c.g.j.h.internal.HbsParserFactory - About to parse: /handlebars/htmlDocs2/sample_perl.mustache
2023-10-19 22:30:47.118 [Test worker] DEBUG c.g.j.h.internal.HbsParserFactory - Building AST
2023-10-19 22:30:47.119 [Test worker] DEBUG c.g.j.h.internal.HbsParserFactory - Applying Mustache spec
2023-10-19 22:30:47.120 [Test worker] DEBUG c.g.j.h.internal.HbsParserFactory - Creating templates
2023-10-19 22:30:47.120 [Test worker] DEBUG c.g.j.h.internal.HbsParserFactory - About to parse: /handlebars/htmlDocs2/sample_python.mustache
2023-10-19 22:30:47.120 [Test worker] DEBUG c.g.j.h.internal.HbsParserFactory - Building AST
2023-10-19 22:30:47.121 [Test worker] DEBUG c.g.j.h.internal.HbsParserFactory - Applying Mustache spec
2023-10-19 22:30:47.121 [Test worker] DEBUG c.g.j.h.internal.HbsParserFactory - Creating templates
2023-10-19 22:30:47.121 [Test worker] DEBUG c.g.j.h.internal.HbsParserFactory - About to parse: /handlebars/htmlDocs2/param.mustache
2023-10-19 22:30:47.122 [Test worker] DEBUG c.g.j.h.internal.HbsParserFactory - Building AST
2023-10-19 22:30:47.122 [Test worker] DEBUG c.g.j.h.internal.HbsParserFactory - Applying Mustache spec
2023-10-19 22:30:47.122 [Test worker] DEBUG c.g.j.h.internal.HbsParserFactory - Creating templates
2023-10-19 22:30:47.122 [Test worker] DEBUG c.g.j.h.internal.HbsParserFactory - About to parse: /handlebars/htmlDocs2/param.mustache
2023-10-19 22:30:47.123 [Test worker] DEBUG c.g.j.h.internal.HbsParserFactory - Building AST
2023-10-19 22:30:47.123 [Test worker] DEBUG c.g.j.h.internal.HbsParserFactory - Applying Mustache spec
2023-10-19 22:30:47.123 [Test worker] DEBUG c.g.j.h.internal.HbsParserFactory - Creating templates
2023-10-19 22:30:47.124 [Test worker] DEBUG c.g.j.h.internal.HbsParserFactory - About to parse: /handlebars/htmlDocs2/sample_java.mustache
2023-10-19 22:30:47.124 [Test worker] DEBUG c.g.j.h.internal.HbsParserFactory - Building AST
2023-10-19 22:30:47.125 [Test worker] DEBUG c.g.j.h.internal.HbsParserFactory - Applying Mustache spec
2023-10-19 22:30:47.125 [Test worker] DEBUG c.g.j.h.internal.HbsParserFactory - Creating templates
2023-10-19 22:30:47.125 [Test worker] DEBUG c.g.j.h.internal.HbsParserFactory - About to parse: /handlebars/htmlDocs2/sample_android.mustache
2023-10-19 22:30:47.125 [Test worker] DEBUG c.g.j.h.internal.HbsParserFactory - Building AST
2023-10-19 22:30:47.126 [Test worker] DEBUG c.g.j.h.internal.HbsParserFactory - Applying Mustache spec
2023-10-19 22:30:47.126 [Test worker] DEBUG c.g.j.h.internal.HbsParserFactory - Creating templates
2023-10-19 22:30:47.126 [Test worker] DEBUG c.g.j.h.internal.HbsParserFactory - About to parse: /handlebars/htmlDocs2/sample_objc.mustache
2023-10-19 22:30:47.126 [Test worker] DEBUG c.g.j.h.internal.HbsParserFactory - Building AST
2023-10-19 22:30:47.128 [Test worker] DEBUG c.g.j.h.internal.HbsParserFactory - Applying Mustache spec
2023-10-19 22:30:47.128 [Test worker] DEBUG c.g.j.h.internal.HbsParserFactory - Creating templates
2023-10-19 22:30:47.128 [Test worker] DEBUG c.g.j.h.internal.HbsParserFactory - About to parse: /handlebars/htmlDocs2/sample_js.mustache
2023-10-19 22:30:47.128 [Test worker] DEBUG c.g.j.h.internal.HbsParserFactory - Building AST
2023-10-19 22:30:47.130 [Test worker] DEBUG c.g.j.h.internal.HbsParserFactory - Applying Mustache spec
2023-10-19 22:30:47.130 [Test worker] DEBUG c.g.j.h.internal.HbsParserFactory - Creating templates
2023-10-19 22:30:47.130 [Test worker] DEBUG c.g.j.h.internal.HbsParserFactory - About to parse: /handlebars/htmlDocs2/sample_csharp.mustache
2023-10-19 22:30:47.130 [Test worker] DEBUG c.g.j.h.internal.HbsParserFactory - Building AST
2023-10-19 22:30:47.132 [Test worker] DEBUG c.g.j.h.internal.HbsParserFactory - Applying Mustache spec
2023-10-19 22:30:47.132 [Test worker] DEBUG c.g.j.h.internal.HbsParserFactory - Creating templates
2023-10-19 22:30:47.132 [Test worker] DEBUG c.g.j.h.internal.HbsParserFactory - About to parse: /handlebars/htmlDocs2/sample_php.mustache
2023-10-19 22:30:47.132 [Test worker] DEBUG c.g.j.h.internal.HbsParserFactory - Building AST
2023-10-19 22:30:47.133 [Test worker] DEBUG c.g.j.h.internal.HbsParserFactory - Applying Mustache spec
2023-10-19 22:30:47.133 [Test worker] DEBUG c.g.j.h.internal.HbsParserFactory - Creating templates
2023-10-19 22:30:47.134 [Test worker] DEBUG c.g.j.h.internal.HbsParserFactory - About to parse: /handlebars/htmlDocs2/sample_perl.mustache
2023-10-19 22:30:47.134 [Test worker] DEBUG c.g.j.h.internal.HbsParserFactory - Building AST
2023-10-19 22:30:47.135 [Test worker] DEBUG c.g.j.h.internal.HbsParserFactory - Applying Mustache spec
2023-10-19 22:30:47.135 [Test worker] DEBUG c.g.j.h.internal.HbsParserFactory - Creating templates
2023-10-19 22:30:47.135 [Test worker] DEBUG c.g.j.h.internal.HbsParserFactory - About to parse: /handlebars/htmlDocs2/sample_python.mustache
2023-10-19 22:30:47.135 [Test worker] DEBUG c.g.j.h.internal.HbsParserFactory - Building AST
2023-10-19 22:30:47.137 [Test worker] DEBUG c.g.j.h.internal.HbsParserFactory - Applying Mustache spec
2023-10-19 22:30:47.137 [Test worker] DEBUG c.g.j.h.internal.HbsParserFactory - Creating templates
2023-10-19 22:30:47.137 [Test worker] DEBUG c.g.j.h.internal.HbsParserFactory - About to parse: /handlebars/htmlDocs2/paramB.mustache
2023-10-19 22:30:47.137 [Test worker] DEBUG c.g.j.h.internal.HbsParserFactory - Building AST
2023-10-19 22:30:47.137 [Test worker] DEBUG c.g.j.h.internal.HbsParserFactory - Applying Mustache spec
2023-10-19 22:30:47.137 [Test worker] DEBUG c.g.j.h.internal.HbsParserFactory - Creating templates
2023-10-19 22:30:47.138 [Test worker] DEBUG c.g.j.h.internal.HbsParserFactory - About to parse: /handlebars/htmlDocs2/sample_java.mustache
2023-10-19 22:30:47.138 [Test worker] DEBUG c.g.j.h.internal.HbsParserFactory - Building AST
2023-10-19 22:30:47.139 [Test worker] DEBUG c.g.j.h.internal.HbsParserFactory - Applying Mustache spec
2023-10-19 22:30:47.139 [Test worker] DEBUG c.g.j.h.internal.HbsParserFactory - Creating templates
2023-10-19 22:30:47.139 [Test worker] DEBUG c.g.j.h.internal.HbsParserFactory - About to parse: /handlebars/htmlDocs2/sample_android.mustache
2023-10-19 22:30:47.139 [Test worker] DEBUG c.g.j.h.internal.HbsParserFactory - Building AST
2023-10-19 22:30:47.140 [Test worker] DEBUG c.g.j.h.internal.HbsParserFactory - Applying Mustache spec
2023-10-19 22:30:47.140 [Test worker] DEBUG c.g.j.h.internal.HbsParserFactory - Creating templates
2023-10-19 22:30:47.140 [Test worker] DEBUG c.g.j.h.internal.HbsParserFactory - About to parse: /handlebars/htmlDocs2/sample_objc.mustache
2023-10-19 22:30:47.140 [Test worker] DEBUG c.g.j.h.internal.HbsParserFactory - Building AST
2023-10-19 22:30:47.141 [Test worker] DEBUG c.g.j.h.internal.HbsParserFactory - Applying Mustache spec
2023-10-19 22:30:47.141 [Test worker] DEBUG c.g.j.h.internal.HbsParserFactory - Creating templates
2023-10-19 22:30:47.142 [Test worker] DEBUG c.g.j.h.internal.HbsParserFactory - About to parse: /handlebars/htmlDocs2/sample_js.mustache
2023-10-19 22:30:47.142 [Test worker] DEBUG c.g.j.h.internal.HbsParserFactory - Building AST
2023-10-19 22:30:47.144 [Test worker] DEBUG c.g.j.h.internal.HbsParserFactory - Applying Mustache spec
2023-10-19 22:30:47.144 [Test worker] DEBUG c.g.j.h.internal.HbsParserFactory - Creating templates
2023-10-19 22:30:47.145 [Test worker] DEBUG c.g.j.h.internal.HbsParserFactory - About to parse: /handlebars/htmlDocs2/sample_csharp.mustache
2023-10-19 22:30:47.145 [Test worker] DEBUG c.g.j.h.internal.HbsParserFactory - Building AST
2023-10-19 22:30:47.146 [Test worker] DEBUG c.g.j.h.internal.HbsParserFactory - Applying Mustache spec
2023-10-19 22:30:47.146 [Test worker] DEBUG c.g.j.h.internal.HbsParserFactory - Creating templates
2023-10-19 22:30:47.146 [Test worker] DEBUG c.g.j.h.internal.HbsParserFactory - About to parse: /handlebars/htmlDocs2/sample_php.mustache
2023-10-19 22:30:47.146 [Test worker] DEBUG c.g.j.h.internal.HbsParserFactory - Building AST
2023-10-19 22:30:47.147 [Test worker] DEBUG c.g.j.h.internal.HbsParserFactory - Applying Mustache spec
2023-10-19 22:30:47.147 [Test worker] DEBUG c.g.j.h.internal.HbsParserFactory - Creating templates
2023-10-19 22:30:47.147 [Test worker] DEBUG c.g.j.h.internal.HbsParserFactory - About to parse: /handlebars/htmlDocs2/sample_perl.mustache
2023-10-19 22:30:47.148 [Test worker] DEBUG c.g.j.h.internal.HbsParserFactory - Building AST
2023-10-19 22:30:47.149 [Test worker] DEBUG c.g.j.h.internal.HbsParserFactory - Applying Mustache spec
2023-10-19 22:30:47.149 [Test worker] DEBUG c.g.j.h.internal.HbsParserFactory - Creating templates
2023-10-19 22:30:47.149 [Test worker] DEBUG c.g.j.h.internal.HbsParserFactory - About to parse: /handlebars/htmlDocs2/sample_python.mustache
2023-10-19 22:30:47.149 [Test worker] DEBUG c.g.j.h.internal.HbsParserFactory - Building AST
2023-10-19 22:30:47.150 [Test worker] DEBUG c.g.j.h.internal.HbsParserFactory - Applying Mustache spec
2023-10-19 22:30:47.151 [Test worker] DEBUG c.g.j.h.internal.HbsParserFactory - Creating templates
2023-10-19 22:30:47.151 [Test worker] DEBUG c.g.j.h.internal.HbsParserFactory - About to parse: /handlebars/htmlDocs2/paramB.mustache
2023-10-19 22:30:47.151 [Test worker] DEBUG c.g.j.h.internal.HbsParserFactory - Building AST
2023-10-19 22:30:47.151 [Test worker] DEBUG c.g.j.h.internal.HbsParserFactory - Applying Mustache spec
2023-10-19 22:30:47.151 [Test worker] DEBUG c.g.j.h.internal.HbsParserFactory - Creating templates
2023-10-19 22:30:47.153 [Test worker] DEBUG c.g.j.h.internal.HbsParserFactory - About to parse: /handlebars/htmlDocs2/js_jsonformatter.mustache
2023-10-19 22:30:47.154 [Test worker] DEBUG c.g.j.h.internal.HbsParserFactory - Building AST
2023-10-19 22:30:47.155 [Test worker] DEBUG c.g.j.h.internal.HbsParserFactory - Applying Mustache spec
2023-10-19 22:30:47.155 [Test worker] DEBUG c.g.j.h.internal.HbsParserFactory - Creating templates
2023-10-19 22:30:47.156 [Test worker] DEBUG c.g.j.h.internal.HbsParserFactory - About to parse: /handlebars/htmlDocs2/js_jsonschemaview.mustache
2023-10-19 22:30:47.157 [Test worker] DEBUG c.g.j.h.internal.HbsParserFactory - Building AST
2023-10-19 22:30:47.158 [Test worker] DEBUG c.g.j.h.internal.HbsParserFactory - Applying Mustache spec
2023-10-19 22:30:47.159 [Test worker] DEBUG c.g.j.h.internal.HbsParserFactory - Creating templates
2023-10-19 22:30:47.159 [Test worker] DEBUG c.g.j.h.internal.HbsParserFactory - About to parse: /handlebars/htmlDocs2/js_json_schema_ref_parser.mustache
2023-10-19 22:30:47.161 [Test worker] DEBUG c.g.j.h.internal.HbsParserFactory - Building AST
2023-10-19 22:30:47.167 [Test worker] DEBUG c.g.j.h.internal.HbsParserFactory - Applying Mustache spec
2023-10-19 22:30:47.167 [Test worker] DEBUG c.g.j.h.internal.HbsParserFactory - Creating templates
2023-10-19 22:30:47.167 [Test worker] DEBUG c.g.j.h.internal.HbsParserFactory - About to parse: /handlebars/htmlDocs2/js_json_stringify_safe.mustache
2023-10-19 22:30:47.167 [Test worker] DEBUG c.g.j.h.internal.HbsParserFactory - Building AST
2023-10-19 22:30:47.167 [Test worker] DEBUG c.g.j.h.internal.HbsParserFactory - Applying Mustache spec
2023-10-19 22:30:47.167 [Test worker] DEBUG c.g.j.h.internal.HbsParserFactory - Creating templates
2023-10-19 22:30:47.167 [Test worker] DEBUG c.g.j.h.internal.HbsParserFactory - About to parse: /handlebars/htmlDocs2/js_webfontloader.mustache
2023-10-19 22:30:47.168 [Test worker] DEBUG c.g.j.h.internal.HbsParserFactory - Building AST
2023-10-19 22:30:47.168 [Test worker] DEBUG c.g.j.h.internal.HbsParserFactory - Applying Mustache spec
2023-10-19 22:30:47.168 [Test worker] DEBUG c.g.j.h.internal.HbsParserFactory - Creating templates
2023-10-19 22:30:47.168 [Test worker] INFO  i.s.codegen.v3.AbstractGenerator - writing file docs/index.html
2023-10-19 22:30:47.170 [Test worker] INFO  i.s.codegen.v3.AbstractGenerator - writing file docs/.swagger-codegen/VERSION
2023-10-19 22:30:47.171 [DefaultDispatcher-worker-3 @request#30] TRACE io.ktor.routing.Routing - Trace for [password, Get, 19]
/, segment:0 -> SUCCESS @ /
  /openapi, segment:0 -> FAILURE "Selector didn't match" @ /openapi
  /(authenticate "default"), segment:0 -> SUCCESS @ /(authenticate "default")
    /(authenticate "default")/storage, segment:0 -> FAILURE "Selector didn't match" @ /(authenticate "default")/storage
  /password, segment:1 -> SUCCESS @ /password
    /password/Get, segment:2 -> SUCCESS @ /password/Get
      /password/Get/{len?}, segment:3 -> SUCCESS; Parameters [len=[19]] @ /password/Get/{len?}
        /password/Get/{len?}/{digits?}, segment:3 -> SUCCESS @ /password/Get/{len?}/{digits?}
          /password/Get/{len?}/{digits?}/{case?}, segment:3 -> SUCCESS @ /password/Get/{len?}/{digits?}/{case?}
            /password/Get/{len?}/{digits?}/{case?}/{specialChars?}, segment:3 -> SUCCESS @ /password/Get/{len?}/{digits?}/{case?}/{specialChars?}
              /password/Get/{len?}/{digits?}/{case?}/{specialChars?}/(method:GET), segment:3 -> SUCCESS @ /password/Get/{len?}/{digits?}/{case?}/{specialChars?}/(method:GET)
  /passKey, segment:0 -> FAILURE "Selector didn't match" @ /passKey
  /virusChecker, segment:0 -> FAILURE "Selector didn't match" @ /virusChecker
  /swagger, segment:0 -> FAILURE "Selector didn't match" @ /swagger
Matched routes:
  "" -> "password" -> "Get" -> "{len?}" -> "{digits?}" -> "{case?}" -> "{specialChars?}" -> "(method:GET)"
Route resolve result:
  SUCCESS; Parameters [len=[19]] @ /password/Get/{len?}/{digits?}/{case?}/{specialChars?}/(method:GET)
2023-10-19 22:30:47.171 [DefaultDispatcher-worker-3 @request#30] TRACE i.k.s.p.c.ContentNegotiation - Skipping because body is already converted.
]]></system-out>
  <system-err><![CDATA[]]></system-err>
</testsuite>
